Log file open, 05/19/19 18:23:50
LogWindows: Failed to load 'aqProf.dll' (GetLastError=126)
LogWindows: File 'aqProf.dll' does not exist
LogWindows: Failed to load 'VtuneApi.dll' (GetLastError=126)
LogWindows: File 'VtuneApi.dll' does not exist
LogWindows: Failed to load 'VtuneApi32e.dll' (GetLastError=126)
LogWindows: File 'VtuneApi32e.dll' does not exist
LogConsoleResponse: Display: Failed to find resolution value strings in scalability ini. Falling back to default.
LogInit: Display: Running engine for game: TutorialTemplate
LogPakFile: Registered encryption key '00000000000000000000000000000000': 0 pak files mounted, 0 remain pending
LogPlatformFile: Not using cached read wrapper
LogTaskGraph: Started task graph with 5 named threads and 23 total threads with 3 sets of task threads.
LogStats: Stats thread started at 0.293775
LogD3D11RHI: Loaded GFSDK_Aftermath_Lib.x64.dll
LogICUInternationalization: ICU TimeZone Detection - Raw Offset: -6:00, Platform Override: ''
LogPluginManager: Mounting plugin Paper2D
LogPluginManager: Mounting plugin AISupport
LogPluginManager: Mounting plugin LightPropagationVolume
LogPluginManager: Mounting plugin ActorLayerUtilities
LogPluginManager: Mounting plugin CLionSourceCodeAccess
LogPluginManager: Mounting plugin CodeLiteSourceCodeAccess
LogPluginManager: Mounting plugin GitSourceControl
LogPluginManager: Mounting plugin KDevelopSourceCodeAccess
LogPluginManager: Mounting plugin NullSourceCodeAccess
LogPluginManager: Mounting plugin PerforceSourceControl
LogPluginManager: Mounting plugin SubversionSourceControl
LogPluginManager: Mounting plugin UObjectPlugin
LogPluginManager: Mounting plugin VisualStudioCodeSourceCodeAccess
LogPluginManager: Mounting plugin VisualStudioSourceCodeAccess
LogPluginManager: Mounting plugin XCodeSourceCodeAccess
LogPluginManager: Mounting plugin AssetManagerEditor
LogPluginManager: Mounting plugin CryptoKeys
LogPluginManager: Mounting plugin DataValidation
LogPluginManager: Mounting plugin FacialAnimation
LogPluginManager: Mounting plugin GameplayTagsEditor
LogPluginManager: Mounting plugin MacGraphicsSwitching
LogPluginManager: Mounting plugin MeshEditor
LogPluginManager: Mounting plugin MobileLauncherProfileWizard
LogPluginManager: Mounting plugin PluginBrowser
LogPluginManager: Mounting plugin SpeedTreeImporter
LogPluginManager: Mounting plugin DatasmithContent
LogPluginManager: Mounting plugin VariantManagerContent
LogPluginManager: Mounting plugin AlembicImporter
LogPluginManager: Mounting plugin AppleImageUtils
LogPluginManager: Mounting plugin AppleVision
LogPluginManager: Mounting plugin BackChannel
LogPluginManager: Mounting plugin CharacterAI
LogPluginManager: Mounting plugin GeometryCache
LogPluginManager: Mounting plugin HTML5Networking
LogPluginManager: Mounting plugin ProxyLODPlugin
LogPluginManager: Mounting plugin MagicLeap
LogPluginManager: Mounting plugin MagicLeapMedia
LogPluginManager: Mounting plugin AndroidMedia
LogPluginManager: Mounting plugin AvfMedia
LogPluginManager: Mounting plugin ImgMedia
LogPluginManager: Mounting plugin LinearTimecode
LogPluginManager: Mounting plugin MediaCompositing
LogPluginManager: Mounting plugin MediaPlayerEditor
LogPluginManager: Mounting plugin WebMMedia
LogPluginManager: Mounting plugin WmfMedia
LogPluginManager: Mounting plugin TcpMessaging
LogPluginManager: Mounting plugin UdpMessaging
LogPluginManager: Mounting plugin ActorSequence
LogPluginManager: Mounting plugin LevelSequenceEditor
LogPluginManager: Mounting plugin MatineeToLevelSequence
LogPluginManager: Mounting plugin NetcodeUnitTest
LogPluginManager: Mounting plugin NUTUnrealEngine4
LogPluginManager: Mounting plugin OnlineSubsystemGooglePlay
LogPluginManager: Mounting plugin OnlineSubsystemIOS
LogPluginManager: Mounting plugin OnlineSubsystem
LogPluginManager: Mounting plugin OnlineSubsystemNull
LogPluginManager: Mounting plugin OnlineSubsystemUtils
LogPluginManager: Mounting plugin LauncherChunkInstaller
LogPluginManager: Mounting plugin AndroidDeviceProfileSelector
LogPluginManager: Mounting plugin AndroidMoviePlayer
LogPluginManager: Mounting plugin AndroidPermission
LogPluginManager: Mounting plugin AppleMoviePlayer
LogPluginManager: Mounting plugin ArchVisCharacter
LogPluginManager: Mounting plugin AudioCapture
LogPluginManager: Mounting plugin CableComponent
LogPluginManager: Mounting plugin CustomMeshComponent
LogPluginManager: Mounting plugin EditableMesh
LogPluginManager: Mounting plugin ExampleDeviceProfileSelector
LogPluginManager: Mounting plugin Firebase
LogPluginManager: Mounting plugin GoogleCloudMessaging
LogPluginManager: Mounting plugin IOSDeviceProfileSelector
LogPluginManager: Mounting plugin LinuxDeviceProfileSelector
LogPluginManager: Mounting plugin LocationServicesBPLibrary
LogPluginManager: Mounting plugin MobilePatchingUtils
LogPluginManager: Mounting plugin OculusVR
LogPluginManager: Mounting plugin PhysXVehicles
LogPluginManager: Mounting plugin ProceduralMeshComponent
LogPluginManager: Mounting plugin RuntimePhysXCooking
LogPluginManager: Mounting plugin SteamVR
LogPluginManager: Mounting plugin WebMMoviePlayer
LogPluginManager: Mounting plugin WindowsMoviePlayer
LogStreaming: Display: Took  0.484s to configure plugins.
LogInit: Using libcurl 7.55.1-DEV
LogInit:  - built for x86_64-pc-win32
LogInit:  - supports SSL with OpenSSL/1.0.2h
LogInit:  - supports HTTP deflate (compression) using libz 1.2.8
LogInit:  - other features:
LogInit:      CURL_VERSION_SSL
LogInit:      CURL_VERSION_LIBZ
LogInit:      CURL_VERSION_IPV6
LogInit:      CURL_VERSION_ASYNCHDNS
LogInit:      CURL_VERSION_LARGEFILE
LogInit:      CURL_VERSION_IDN
LogInit:  CurlRequestOptions (configurable via config and command line):
LogInit:  - bVerifyPeer = true  - Libcurl will verify peer certificate
LogInit:  - bUseHttpProxy = false  - Libcurl will NOT use HTTP proxy
LogInit:  - bDontReuseConnections = false  - Libcurl will reuse connections
LogInit:  - MaxHostConnections = 16  - Libcurl will limit the number of connections to a host
LogInit:  - LocalHostAddr = Default
LogInit:  - BufferSize = 65536
LogInit: WinSock: version 1.1 (2.2), MaxSocks=32767, MaxUdp=65467
LogInit: Build: ++UE4+Release-4.21-CL-4753647
LogInit: Engine Version: 4.21.2-4753647+++UE4+Release-4.21
LogInit: Compatible Engine Version: 4.21.0-4541578+++UE4+Release-4.21
LogInit: Net CL: 4541578
LogInit: OS: Windows 10 (), CPU: Intel(R) Core(TM) i7-4790K CPU @ 4.00GHz, GPU: NVIDIA GeForce GTX 1070
LogInit: Compiled (64-bit): Jan 19 2019 02:07:31
LogInit: Compiled with Visual C++: 19.13.26129.00
LogInit: Build Configuration: Development
LogInit: Branch Name: ++UE4+Release-4.21
LogInit: Command Line: 
LogInit: Base Directory: A:/Game Design/UE4/Epic Games/UE_4.21/Engine/Binaries/Win64/
LogInit: Installed Engine Build: 1
LogDevObjectVersion: Number of dev versions registered: 22
LogDevObjectVersion:   Dev-Blueprints (B0D832E4-1F89-4F0D-ACCF-7EB736FD4AA2): 10
LogDevObjectVersion:   Dev-Build (E1C64328-A22C-4D53-A36C-8E866417BD8C): 0
LogDevObjectVersion:   Dev-Core (375EC13C-06E4-48FB-B500-84F0262A717E): 2
LogDevObjectVersion:   Dev-Editor (E4B068ED-F494-42E9-A231-DA0B2E46BB41): 26
LogDevObjectVersion:   Dev-Framework (CFFC743F-43B0-4480-9391-14DF171D2073): 34
LogDevObjectVersion:   Dev-Mobile (B02B49B5-BB20-44E9-A304-32B752E40360): 2
LogDevObjectVersion:   Dev-Networking (A4E4105C-59A1-49B5-A7C5-40C4547EDFEE): 0
LogDevObjectVersion:   Dev-Online (39C831C9-5AE6-47DC-9A44-9C173E1C8E7C): 0
LogDevObjectVersion:   Dev-Physics (78F01B33-EBEA-4F98-B9B4-84EACCB95AA2): 0
LogDevObjectVersion:   Dev-Platform (6631380F-2D4D-43E0-8009-CF276956A95A): 0
LogDevObjectVersion:   Dev-Rendering (12F88B9F-8875-4AFC-A67C-D90C383ABD29): 27
LogDevObjectVersion:   Dev-Sequencer (7B5AE74C-D270-4C10-A958-57980B212A5A): 9
LogDevObjectVersion:   Dev-VR (D7296918-1DD6-4BDD-9DE2-64A83CC13884): 2
LogDevObjectVersion:   Dev-LoadTimes (C2A15278-BFE7-4AFE-6C17-90FF531DF755): 1
LogDevObjectVersion:   Private-Geometry (6EACA3D4-40EC-4CC1-B786-8BED09428FC5): 3
LogDevObjectVersion:   Dev-AnimPhys (29E575DD-E0A3-4627-9D10-D276232CDCEA): 17
LogDevObjectVersion:   Dev-Anim (AF43A65D-7FD3-4947-9873-3E8ED9C1BB05): 2
LogDevObjectVersion:   Dev-ReflectionCapture (6B266CEC-1EC7-4B8F-A30B-E4D90942FC07): 1
LogDevObjectVersion:   Dev-Automation (0DF73D61-A23F-47EA-B727-89E90C41499A): 1
LogDevObjectVersion:   FortniteMain (601D1886-AC64-4F84-AA16-D3DE0DEAC7D6): 17
LogDevObjectVersion:   Dev-Enterprise (9DFFBCD6-494F-0158-E221-12823C92A888): 4
LogDevObjectVersion:   Dev-Niagara (F2AED0AC-9AFE-416F-8664-AA7FFA26D6FC): 1
LogStreaming: Display: Took  0.002s to delete old logs.
LogInit: Presizing for max 8388607 objects, including 0 objects not considered by GC, pre-allocating 0 bytes for permanent pool.
LogInit: Object subsystem initialized
LogConfig: Setting CVar [[con.DebugEarlyDefault:1]]
LogConfig: Setting CVar [[r.setres:1280x720]]
[2019.05.19-23.23.51:073][  0]LogConfig: Setting CVar [[r.VSync:0]]
[2019.05.19-23.23.51:073][  0]LogConfig: Setting CVar [[r.RHICmdBypass:0]]
[2019.05.19-23.23.51:073][  0]LogConfig: Applying CVar settings from Section [/Script/Engine.RendererSettings] File [A:/GIT/Tutorials/00TutorialTemplate/Saved/Config/Windows/Engine.ini]
[2019.05.19-23.23.51:073][  0]LogConfig: Setting CVar [[r.GPUCrashDebugging:0]]
[2019.05.19-23.23.51:073][  0]LogConfig: Setting CVar [[r.MobileHDR:1]]
[2019.05.19-23.23.51:073][  0]LogConfig: Setting CVar [[r.Mobile.DisableVertexFog:1]]
[2019.05.19-23.23.51:073][  0]LogConfig: Setting CVar [[r.Shadow.CSM.MaxMobileCascades:2]]
[2019.05.19-23.23.51:073][  0]LogConfig: Setting CVar [[r.MobileMSAA:1]]
[2019.05.19-23.23.51:073][  0]LogConfig: Setting CVar [[r.Mobile.UseLegacyShadingModel:0]]
[2019.05.19-23.23.51:073][  0]LogConfig: Setting CVar [[r.Mobile.AllowDitheredLODTransition:0]]
[2019.05.19-23.23.51:073][  0]LogConfig: Setting CVar [[r.Mobile.AllowSoftwareOcclusion:0]]
[2019.05.19-23.23.51:073][  0]LogConfig: Setting CVar [[r.DiscardUnusedQuality:0]]
[2019.05.19-23.23.51:073][  0]LogConfig: Setting CVar [[r.AllowOcclusionQueries:1]]
[2019.05.19-23.23.51:073][  0]LogConfig: Setting CVar [[r.MinScreenRadiusForLights:0.030000]]
[2019.05.19-23.23.51:073][  0]LogConfig: Setting CVar [[r.MinScreenRadiusForDepthPrepass:0.030000]]
[2019.05.19-23.23.51:074][  0]LogConfig: Setting CVar [[r.MinScreenRadiusForCSMDepth:0.010000]]
[2019.05.19-23.23.51:074][  0]LogConfig: Setting CVar [[r.PrecomputedVisibilityWarning:0]]
[2019.05.19-23.23.51:074][  0]LogConfig: Setting CVar [[r.TextureStreaming:1]]
[2019.05.19-23.23.51:074][  0]LogConfig: Setting CVar [[Compat.UseDXT5NormalMaps:0]]
[2019.05.19-23.23.51:074][  0]LogConfig: Setting CVar [[r.ClearCoatNormal:0]]
[2019.05.19-23.23.51:074][  0]LogConfig: Setting CVar [[r.ReflectionCaptureResolution:128]]
[2019.05.19-23.23.51:074][  0]LogConfig: Setting CVar [[r.ReflectionEnvironmentLightmapMixBasedOnRoughness:1]]
[2019.05.19-23.23.51:074][  0]LogConfig: Setting CVar [[r.ForwardShading:0]]
[2019.05.19-23.23.51:074][  0]LogConfig: Setting CVar [[r.VertexFoggingForOpaque:1]]
[2019.05.19-23.23.51:074][  0]LogConfig: Setting CVar [[r.AllowStaticLighting:0]]
[2019.05.19-23.23.51:074][  0]LogConfig: Setting CVar [[r.NormalMapsForStaticLighting:0]]
[2019.05.19-23.23.51:074][  0]LogConfig: Setting CVar [[r.GenerateMeshDistanceFields:0]]
[2019.05.19-23.23.51:074][  0]LogConfig: Setting CVar [[r.DistanceFieldBuild.EightBit:0]]
[2019.05.19-23.23.51:074][  0]LogConfig: Setting CVar [[r.GenerateLandscapeGIData:0]]
[2019.05.19-23.23.51:074][  0]LogConfig: Setting CVar [[r.DistanceFieldBuild.Compress:0]]
[2019.05.19-23.23.51:074][  0]LogConfig: Setting CVar [[r.TessellationAdaptivePixelsPerTriangle:48.000000]]
[2019.05.19-23.23.51:074][  0]LogConfig: Setting CVar [[r.SeparateTranslucency:1]]
[2019.05.19-23.23.51:074][  0]LogConfig: Setting CVar [[r.TranslucentSortPolicy:0]]
[2019.05.19-23.23.51:074][  0]LogConfig: Setting CVar [[r.CustomDepth:1]]
[2019.05.19-23.23.51:074][  0]LogConfig: Setting CVar [[r.CustomDepthTemporalAAJitter:1]]
[2019.05.19-23.23.51:074][  0]LogConfig: Setting CVar [[r.PostProcessing.PropagateAlpha:0]]
[2019.05.19-23.23.51:074][  0]LogConfig: Setting CVar [[r.DOF.Algorithm:1]]
[2019.05.19-23.23.51:074][  0]LogConfig: Setting CVar [[r.DefaultFeature.Bloom:1]]
[2019.05.19-23.23.51:074][  0]LogConfig: Setting CVar [[r.DefaultFeature.AmbientOcclusion:1]]
[2019.05.19-23.23.51:074][  0]LogConfig: Setting CVar [[r.DefaultFeature.AmbientOcclusionStaticFraction:1]]
[2019.05.19-23.23.51:074][  0]LogConfig: Setting CVar [[r.DefaultFeature.AutoExposure:0]]
[2019.05.19-23.23.51:074][  0]LogConfig: Setting CVar [[r.DefaultFeature.AutoExposure.Method:0]]
[2019.05.19-23.23.51:074][  0]LogConfig: Setting CVar [[r.DefaultFeature.AutoExposure.ExtendDefaultLuminanceRange:0]]
[2019.05.19-23.23.51:074][  0]LogConfig: Setting CVar [[r.UsePreExposure:0]]
[2019.05.19-23.23.51:074][  0]LogConfig: Setting CVar [[r.DefaultFeature.MotionBlur:0]]
[2019.05.19-23.23.51:074][  0]LogConfig: Setting CVar [[r.DefaultFeature.LensFlare:0]]
[2019.05.19-23.23.51:074][  0]LogConfig: Setting CVar [[r.TemporalAA.Upsampling:0]]
[2019.05.19-23.23.51:074][  0]LogConfig: Setting CVar [[r.DefaultFeature.AntiAliasing:0]]
[2019.05.19-23.23.51:074][  0]LogConfig: Setting CVar [[r.DefaultFeature.LightUnits:1]]
[2019.05.19-23.23.51:074][  0]LogConfig: Setting CVar [[r.DefaultBackBufferPixelFormat:4]]
[2019.05.19-23.23.51:074][  0]LogConfig: Setting CVar [[r.Shadow.UnbuiltPreviewInGame:1]]
[2019.05.19-23.23.51:074][  0]LogConfig: Setting CVar [[r.StencilForLODDither:0]]
[2019.05.19-23.23.51:074][  0]LogConfig: Setting CVar [[r.EarlyZPass:3]]
[2019.05.19-23.23.51:074][  0]LogConfig: Setting CVar [[r.EarlyZPassMovable:1]]
[2019.05.19-23.23.51:074][  0]LogConfig: Setting CVar [[r.EarlyZPassOnlyMaterialMasking:0]]
[2019.05.19-23.23.51:074][  0]LogConfig: Setting CVar [[r.DBuffer:1]]
[2019.05.19-23.23.51:074][  0]LogConfig: Setting CVar [[r.ClearSceneMethod:1]]
[2019.05.19-23.23.51:074][  0]LogConfig: Setting CVar [[r.BasePassOutputsVelocity:0]]
[2019.05.19-23.23.51:074][  0]LogConfig: Setting CVar [[r.SelectiveBasePassOutputs:0]]
[2019.05.19-23.23.51:074][  0]LogConfig: Setting CVar [[fx.GPUSimulationTextureSizeX:1024]]
[2019.05.19-23.23.51:074][  0]LogConfig: Setting CVar [[fx.GPUSimulationTextureSizeY:1024]]
[2019.05.19-23.23.51:074][  0]LogConfig: Setting CVar [[r.AllowGlobalClipPlane:0]]
[2019.05.19-23.23.51:074][  0]LogConfig: Setting CVar [[r.GBufferFormat:1]]
[2019.05.19-23.23.51:074][  0]LogConfig: Setting CVar [[r.MorphTarget.Mode:1]]
[2019.05.19-23.23.51:074][  0]LogConfig: Setting CVar [[vr.InstancedStereo:0]]
[2019.05.19-23.23.51:074][  0]LogConfig: Setting CVar [[vr.MultiView:0]]
[2019.05.19-23.23.51:074][  0]LogConfig: Setting CVar [[vr.MobileMultiView:0]]
[2019.05.19-23.23.51:074][  0]LogConfig: Setting CVar [[vr.MobileMultiView.Direct:0]]
[2019.05.19-23.23.51:074][  0]LogConfig: Setting CVar [[vr.MonoscopicFarField:0]]
[2019.05.19-23.23.51:074][  0]LogConfig: Setting CVar [[vr.RoundRobinOcclusion:0]]
[2019.05.19-23.23.51:074][  0]LogConfig: Setting CVar [[vr.ODSCapture:0]]
[2019.05.19-23.23.51:074][  0]LogConfig: Setting CVar [[r.WireframeCullThreshold:5.000000]]
[2019.05.19-23.23.51:074][  0]LogConfig: Setting CVar [[r.SupportStationarySkylight:1]]
[2019.05.19-23.23.51:074][  0]LogConfig: Setting CVar [[r.SupportLowQualityLightmaps:1]]
[2019.05.19-23.23.51:074][  0]LogConfig: Setting CVar [[r.SupportPointLightWholeSceneShadows:1]]
[2019.05.19-23.23.51:074][  0]LogConfig: Setting CVar [[r.SupportAtmosphericFog:1]]
[2019.05.19-23.23.51:074][  0]LogConfig: Setting CVar [[r.SkinCache.CompileShaders:0]]
[2019.05.19-23.23.51:074][  0]LogConfig: Setting CVar [[r.Mobile.EnableStaticAndCSMShadowReceivers:1]]
[2019.05.19-23.23.51:074][  0]LogConfig: Setting CVar [[r.Mobile.EnableMovableLightCSMShaderCulling:1]]
[2019.05.19-23.23.51:074][  0]LogConfig: Setting CVar [[r.Mobile.AllowDistanceFieldShadows:1]]
[2019.05.19-23.23.51:074][  0]LogConfig: Setting CVar [[r.Mobile.AllowMovableDirectionalLights:1]]
[2019.05.19-23.23.51:074][  0]LogConfig: Setting CVar [[r.MobileNumDynamicPointLights:4]]
[2019.05.19-23.23.51:074][  0]LogConfig: Setting CVar [[r.MobileDynamicPointLightsUseStaticBranch:1]]
[2019.05.19-23.23.51:074][  0]LogConfig: Setting CVar [[r.SkinCache.SceneMemoryLimitInMB:128.000000]]
[2019.05.19-23.23.51:074][  0]LogConfig: Setting CVar [[r.GPUSkin.Limit2BoneInfluences:0]]
[2019.05.19-23.23.51:074][  0]LogConfig: Setting CVar [[r.SupportDepthOnlyIndexBuffers:1]]
[2019.05.19-23.23.51:074][  0]LogConfig: Setting CVar [[r.SupportReversedIndexBuffers:1]]
[2019.05.19-23.23.51:074][  0]LogConfig: Setting CVar [[r.SupportMaterialLayers:0]]
[2019.05.19-23.23.51:074][  0]LogConfig: Applying CVar settings from Section [/Script/Engine.RendererOverrideSettings] File [A:/GIT/Tutorials/00TutorialTemplate/Saved/Config/Windows/Engine.ini]
[2019.05.19-23.23.51:074][  0]LogConfig: Applying CVar settings from Section [/Script/Engine.StreamingSettings] File [A:/GIT/Tutorials/00TutorialTemplate/Saved/Config/Windows/Engine.ini]
[2019.05.19-23.23.51:074][  0]LogConfig: Setting CVar [[s.MinBulkDataSizeForAsyncLoading:131072]]
[2019.05.19-23.23.51:075][  0]LogConfig: Setting CVar [[s.AsyncLoadingThreadEnabled:0]]
[2019.05.19-23.23.51:075][  0]LogConfig: Setting CVar [[s.EventDrivenLoaderEnabled:1]]
[2019.05.19-23.23.51:075][  0]LogConfig: Setting CVar [[s.WarnIfTimeLimitExceeded:0]]
[2019.05.19-23.23.51:075][  0]LogConfig: Setting CVar [[s.TimeLimitExceededMultiplier:1.5]]
[2019.05.19-23.23.51:075][  0]LogConfig: Setting CVar [[s.TimeLimitExceededMinTime:0.005]]
[2019.05.19-23.23.51:075][  0]LogConfig: Setting CVar [[s.UseBackgroundLevelStreaming:1]]
[2019.05.19-23.23.51:075][  0]LogConfig: Setting CVar [[s.PriorityAsyncLoadingExtraTime:15.0]]
[2019.05.19-23.23.51:075][  0]LogConfig: Setting CVar [[s.LevelStreamingActorsUpdateTimeLimit:5.0]]
[2019.05.19-23.23.51:075][  0]LogConfig: Setting CVar [[s.PriorityLevelStreamingActorsUpdateExtraTime:5.0]]
[2019.05.19-23.23.51:075][  0]LogConfig: Setting CVar [[s.LevelStreamingComponentsRegistrationGranularity:10]]
[2019.05.19-23.23.51:075][  0]LogConfig: Setting CVar [[s.UnregisterComponentsTimeLimit:1.0]]
[2019.05.19-23.23.51:075][  0]LogConfig: Setting CVar [[s.LevelStreamingComponentsUnregistrationGranularity:5]]
[2019.05.19-23.23.51:075][  0]LogConfig: Applying CVar settings from Section [/Script/Engine.GarbageCollectionSettings] File [A:/GIT/Tutorials/00TutorialTemplate/Saved/Config/Windows/Engine.ini]
[2019.05.19-23.23.51:075][  0]LogConfig: Setting CVar [[gc.MaxObjectsNotConsideredByGC:1]]
[2019.05.19-23.23.51:075][  0]LogConfig: Setting CVar [[gc.SizeOfPermanentObjectPool:0]]
[2019.05.19-23.23.51:075][  0]LogConfig: Setting CVar [[gc.FlushStreamingOnGC:0]]
[2019.05.19-23.23.51:075][  0]LogConfig: Setting CVar [[gc.NumRetriesBeforeForcingGC:10]]
[2019.05.19-23.23.51:075][  0]LogConfig: Setting CVar [[gc.AllowParallelGC:1]]
[2019.05.19-23.23.51:075][  0]LogConfig: Setting CVar [[gc.TimeBetweenPurgingPendingKillObjects:61.1]]
[2019.05.19-23.23.51:075][  0]LogConfig: Setting CVar [[gc.MaxObjectsInEditor:8388607]]
[2019.05.19-23.23.51:075][  0]LogConfig: Setting CVar [[gc.IncrementalBeginDestroyEnabled:1]]
[2019.05.19-23.23.51:075][  0]LogConfig: Setting CVar [[gc.CreateGCClusters:1]]
[2019.05.19-23.23.51:075][  0]LogConfig: Setting CVar [[gc.MergeGCClusters:0]]
[2019.05.19-23.23.51:075][  0]LogConfig: Setting CVar [[gc.MinGCClusterSize:5]]
[2019.05.19-23.23.51:075][  0]LogConfig: Setting CVar [[gc.ActorClusteringEnabled:0]]
[2019.05.19-23.23.51:075][  0]LogConfig: Setting CVar [[gc.BlueprintClusteringEnabled:0]]
[2019.05.19-23.23.51:075][  0]LogConfig: Setting CVar [[gc.UseDisregardForGCOnDedicatedServers:0]]
[2019.05.19-23.23.51:075][  0]LogConfig: Applying CVar settings from Section [/Script/Engine.NetworkSettings] File [A:/GIT/Tutorials/00TutorialTemplate/Saved/Config/Windows/Engine.ini]
[2019.05.19-23.23.51:075][  0]LogConfig: Applying CVar settings from Section [/Script/UnrealEd.CookerSettings] File [A:/GIT/Tutorials/00TutorialTemplate/Saved/Config/Windows/Engine.ini]
[2019.05.19-23.23.51:083][  0]LogConfig: Applying CVar settings from Section [ViewDistanceQuality@3] File [A:/GIT/Tutorials/00TutorialTemplate/Saved/Config/Windows/Scalability.ini]
[2019.05.19-23.23.51:083][  0]LogConfig: Setting CVar [[r.SkeletalMeshLODBias:0]]
[2019.05.19-23.23.51:083][  0]LogConfig: Setting CVar [[r.ViewDistanceScale:1.0]]
[2019.05.19-23.23.51:083][  0]LogConfig: Applying CVar settings from Section [AntiAliasingQuality@3] File [A:/GIT/Tutorials/00TutorialTemplate/Saved/Config/Windows/Scalability.ini]
[2019.05.19-23.23.51:084][  0]LogConfig: Setting CVar [[r.PostProcessAAQuality:4]]
[2019.05.19-23.23.51:084][  0]LogConfig: Applying CVar settings from Section [ShadowQuality@3] File [A:/GIT/Tutorials/00TutorialTemplate/Saved/Config/Windows/Scalability.ini]
[2019.05.19-23.23.51:084][  0]LogConfig: Setting CVar [[r.LightFunctionQuality:1]]
[2019.05.19-23.23.51:084][  0]LogConfig: Setting CVar [[r.ShadowQuality:5]]
[2019.05.19-23.23.51:084][  0]LogConfig: Setting CVar [[r.Shadow.CSM.MaxCascades:10]]
[2019.05.19-23.23.51:084][  0]LogConfig: Setting CVar [[r.Shadow.MaxResolution:2048]]
[2019.05.19-23.23.51:084][  0]LogConfig: Setting CVar [[r.Shadow.MaxCSMResolution:2048]]
[2019.05.19-23.23.51:084][  0]LogConfig: Setting CVar [[r.Shadow.RadiusThreshold:0.01]]
[2019.05.19-23.23.51:084][  0]LogConfig: Setting CVar [[r.Shadow.DistanceScale:1.0]]
[2019.05.19-23.23.51:084][  0]LogConfig: Setting CVar [[r.Shadow.CSM.TransitionScale:1.0]]
[2019.05.19-23.23.51:084][  0]LogConfig: Setting CVar [[r.Shadow.PreShadowResolutionFactor:1.0]]
[2019.05.19-23.23.51:084][  0]LogConfig: Setting CVar [[r.DistanceFieldShadowing:1]]
[2019.05.19-23.23.51:084][  0]LogConfig: Setting CVar [[r.DistanceFieldAO:1]]
[2019.05.19-23.23.51:084][  0]LogConfig: Setting CVar [[r.AOQuality:2]]
[2019.05.19-23.23.51:084][  0]LogConfig: Setting CVar [[r.VolumetricFog:1]]
[2019.05.19-23.23.51:084][  0]LogConfig: Setting CVar [[r.VolumetricFog.GridPixelSize:8]]
[2019.05.19-23.23.51:084][  0]LogConfig: Setting CVar [[r.VolumetricFog.GridSizeZ:128]]
[2019.05.19-23.23.51:084][  0]LogConfig: Setting CVar [[r.VolumetricFog.HistoryMissSupersampleCount:4]]
[2019.05.19-23.23.51:084][  0]LogConfig: Setting CVar [[r.LightMaxDrawDistanceScale:1]]
[2019.05.19-23.23.51:084][  0]LogConfig: Setting CVar [[r.CapsuleShadows:1]]
[2019.05.19-23.23.51:084][  0]LogConfig: Applying CVar settings from Section [PostProcessQuality@3] File [A:/GIT/Tutorials/00TutorialTemplate/Saved/Config/Windows/Scalability.ini]
[2019.05.19-23.23.51:084][  0]LogConfig: Setting CVar [[r.MotionBlurQuality:4]]
[2019.05.19-23.23.51:084][  0]LogConfig: Setting CVar [[r.AmbientOcclusionMipLevelFactor:0.4]]
[2019.05.19-23.23.51:084][  0]LogConfig: Setting CVar [[r.AmbientOcclusionMaxQuality:100]]
[2019.05.19-23.23.51:084][  0]LogConfig: Setting CVar [[r.AmbientOcclusionLevels:-1]]
[2019.05.19-23.23.51:084][  0]LogConfig: Setting CVar [[r.AmbientOcclusionRadiusScale:1.0]]
[2019.05.19-23.23.51:084][  0]LogConfig: Setting CVar [[r.DepthOfFieldQuality:2]]
[2019.05.19-23.23.51:084][  0]LogConfig: Setting CVar [[r.RenderTargetPoolMin:400]]
[2019.05.19-23.23.51:084][  0]LogConfig: Setting CVar [[r.LensFlareQuality:2]]
[2019.05.19-23.23.51:084][  0]LogConfig: Setting CVar [[r.SceneColorFringeQuality:1]]
[2019.05.19-23.23.51:084][  0]LogConfig: Setting CVar [[r.EyeAdaptationQuality:2]]
[2019.05.19-23.23.51:084][  0]LogConfig: Setting CVar [[r.BloomQuality:5]]
[2019.05.19-23.23.51:084][  0]LogConfig: Setting CVar [[r.FastBlurThreshold:100]]
[2019.05.19-23.23.51:084][  0]LogConfig: Setting CVar [[r.Upscale.Quality:3]]
[2019.05.19-23.23.51:084][  0]LogConfig: Setting CVar [[r.Tonemapper.GrainQuantization:1]]
[2019.05.19-23.23.51:084][  0]LogConfig: Setting CVar [[r.LightShaftQuality:1]]
[2019.05.19-23.23.51:084][  0]LogConfig: Setting CVar [[r.Filter.SizeScale:1]]
[2019.05.19-23.23.51:084][  0]LogConfig: Setting CVar [[r.Tonemapper.Quality:5]]
[2019.05.19-23.23.51:084][  0]LogConfig: Setting CVar [[r.DOF.Gather.AccumulatorQuality:1        ; higher gathering accumulator quality]]
[2019.05.19-23.23.51:084][  0]LogConfig: Setting CVar [[r.DOF.Gather.PostfilterMethod:1          ; Median3x3 postfilering method]]
[2019.05.19-23.23.51:084][  0]LogConfig: Setting CVar [[r.DOF.Gather.EnableBokehSettings:0       ; no bokeh simulation when gathering]]
[2019.05.19-23.23.51:084][  0]LogConfig: Setting CVar [[r.DOF.Gather.RingCount:4                 ; medium number of samples when gathering]]
[2019.05.19-23.23.51:084][  0]LogConfig: Setting CVar [[r.DOF.Scatter.ForegroundCompositing:1    ; additive foreground scattering]]
[2019.05.19-23.23.51:084][  0]LogConfig: Setting CVar [[r.DOF.Scatter.BackgroundCompositing:2    ; additive background scattering]]
[2019.05.19-23.23.51:084][  0]LogConfig: Setting CVar [[r.DOF.Scatter.EnableBokehSettings:1      ; bokeh simulation when scattering]]
[2019.05.19-23.23.51:084][  0]LogConfig: Setting CVar [[r.DOF.Scatter.MaxSpriteRatio:0.1         ; only a maximum of 10% of scattered bokeh]]
[2019.05.19-23.23.51:084][  0]LogConfig: Setting CVar [[r.DOF.Recombine.Quality:1                ; cheap slight out of focus]]
[2019.05.19-23.23.51:084][  0]LogConfig: Setting CVar [[r.DOF.Recombine.EnableBokehSettings:0    ; no bokeh simulation on slight out of focus]]
[2019.05.19-23.23.51:084][  0]LogConfig: Setting CVar [[r.DOF.TemporalAAQuality:1                ; more stable temporal accumulation]]
[2019.05.19-23.23.51:084][  0]LogConfig: Setting CVar [[r.DOF.Kernel.MaxForegroundRadius:0.025]]
[2019.05.19-23.23.51:084][  0]LogConfig: Setting CVar [[r.DOF.Kernel.MaxBackgroundRadius:0.025]]
[2019.05.19-23.23.51:084][  0]LogConfig: Applying CVar settings from Section [TextureQuality@3] File [A:/GIT/Tutorials/00TutorialTemplate/Saved/Config/Windows/Scalability.ini]
[2019.05.19-23.23.51:084][  0]LogConfig: Setting CVar [[r.Streaming.MipBias:0]]
[2019.05.19-23.23.51:084][  0]LogConfig: Setting CVar [[r.Streaming.AmortizeCPUToGPUCopy:0]]
[2019.05.19-23.23.51:084][  0]LogConfig: Setting CVar [[r.Streaming.MaxNumTexturesToStreamPerFrame:0]]
[2019.05.19-23.23.51:084][  0]LogConfig: Setting CVar [[r.Streaming.Boost:1]]
[2019.05.19-23.23.51:084][  0]LogConfig: Setting CVar [[r.MaxAnisotropy:8]]
[2019.05.19-23.23.51:084][  0]LogConfig: Setting CVar [[r.Streaming.LimitPoolSizeToVRAM:0]]
[2019.05.19-23.23.51:084][  0]LogConfig: Setting CVar [[r.Streaming.PoolSize:1000]]
[2019.05.19-23.23.51:084][  0]LogConfig: Setting CVar [[r.Streaming.MaxEffectiveScreenSize:0]]
[2019.05.19-23.23.51:084][  0]LogConfig: Applying CVar settings from Section [EffectsQuality@3] File [A:/GIT/Tutorials/00TutorialTemplate/Saved/Config/Windows/Scalability.ini]
[2019.05.19-23.23.51:084][  0]LogConfig: Setting CVar [[r.TranslucencyLightingVolumeDim:64]]
[2019.05.19-23.23.51:084][  0]LogConfig: Setting CVar [[r.RefractionQuality:2]]
[2019.05.19-23.23.51:084][  0]LogConfig: Setting CVar [[r.SSR.Quality:3]]
[2019.05.19-23.23.51:084][  0]LogConfig: Setting CVar [[r.SceneColorFormat:4]]
[2019.05.19-23.23.51:084][  0]LogConfig: Setting CVar [[r.DetailMode:2]]
[2019.05.19-23.23.51:084][  0]LogConfig: Setting CVar [[r.TranslucencyVolumeBlur:1]]
[2019.05.19-23.23.51:084][  0]LogConfig: Setting CVar [[r.MaterialQualityLevel:1 ; High quality]]
[2019.05.19-23.23.51:084][  0]LogConfig: Setting CVar [[r.SSS.Scale:1]]
[2019.05.19-23.23.51:084][  0]LogConfig: Setting CVar [[r.SSS.SampleSet:2]]
[2019.05.19-23.23.51:084][  0]LogConfig: Setting CVar [[r.SSS.Quality:1]]
[2019.05.19-23.23.51:084][  0]LogConfig: Setting CVar [[r.SSS.HalfRes:1]]
[2019.05.19-23.23.51:084][  0]LogConfig: Setting CVar [[r.EmitterSpawnRateScale:1.0]]
[2019.05.19-23.23.51:084][  0]LogConfig: Setting CVar [[r.ParticleLightQuality:2]]
[2019.05.19-23.23.51:084][  0]LogConfig: Applying CVar settings from Section [FoliageQuality@3] File [A:/GIT/Tutorials/00TutorialTemplate/Saved/Config/Windows/Scalability.ini]
[2019.05.19-23.23.51:084][  0]LogConfig: Setting CVar [[foliage.DensityScale:1.0]]
[2019.05.19-23.23.51:084][  0]LogConfig: Setting CVar [[grass.DensityScale:1.0]]
[2019.05.19-23.23.51:084][  0]LogInit: Selected Device Profile: [Windows]
[2019.05.19-23.23.51:085][  0]LogInit: Applying CVar settings loaded from the selected device profile: [Windows]
[2019.05.19-23.23.51:180][  0]LogHAL: Display: Platform has ~ 32 GB [34305929216 / 34359738368 / 32], which maps to Largest [LargestMinGB=32, LargerMinGB=12, DefaultMinGB=8, SmallerMinGB=6, SmallestMinGB=0)
[2019.05.19-23.23.51:180][  0]LogConfig: Setting CVar [[r.Vulkan.UseRealUBs:1]]
[2019.05.19-23.23.51:180][  0]LogInit: Going up to parent DeviceProfile []
[2019.05.19-23.23.51:180][  0]LogConfig: Applying CVar settings from Section [ViewDistanceQuality@3] File [A:/GIT/Tutorials/00TutorialTemplate/Saved/Config/Windows/Scalability.ini]
[2019.05.19-23.23.51:180][  0]LogConfig: Setting CVar [[r.SkeletalMeshLODBias:0]]
[2019.05.19-23.23.51:180][  0]LogConfig: Setting CVar [[r.ViewDistanceScale:1.0]]
[2019.05.19-23.23.51:180][  0]LogConfig: Applying CVar settings from Section [AntiAliasingQuality@3] File [A:/GIT/Tutorials/00TutorialTemplate/Saved/Config/Windows/Scalability.ini]
[2019.05.19-23.23.51:180][  0]LogConfig: Setting CVar [[r.PostProcessAAQuality:4]]
[2019.05.19-23.23.51:180][  0]LogConfig: Applying CVar settings from Section [ShadowQuality@3] File [A:/GIT/Tutorials/00TutorialTemplate/Saved/Config/Windows/Scalability.ini]
[2019.05.19-23.23.51:180][  0]LogConfig: Setting CVar [[r.LightFunctionQuality:1]]
[2019.05.19-23.23.51:180][  0]LogConfig: Setting CVar [[r.ShadowQuality:5]]
[2019.05.19-23.23.51:180][  0]LogConfig: Setting CVar [[r.Shadow.CSM.MaxCascades:10]]
[2019.05.19-23.23.51:180][  0]LogConfig: Setting CVar [[r.Shadow.MaxResolution:2048]]
[2019.05.19-23.23.51:180][  0]LogConfig: Setting CVar [[r.Shadow.MaxCSMResolution:2048]]
[2019.05.19-23.23.51:180][  0]LogConfig: Setting CVar [[r.Shadow.RadiusThreshold:0.01]]
[2019.05.19-23.23.51:180][  0]LogConfig: Setting CVar [[r.Shadow.DistanceScale:1.0]]
[2019.05.19-23.23.51:180][  0]LogConfig: Setting CVar [[r.Shadow.CSM.TransitionScale:1.0]]
[2019.05.19-23.23.51:180][  0]LogConfig: Setting CVar [[r.Shadow.PreShadowResolutionFactor:1.0]]
[2019.05.19-23.23.51:180][  0]LogConfig: Setting CVar [[r.DistanceFieldShadowing:1]]
[2019.05.19-23.23.51:180][  0]LogConfig: Setting CVar [[r.DistanceFieldAO:1]]
[2019.05.19-23.23.51:180][  0]LogConfig: Setting CVar [[r.AOQuality:2]]
[2019.05.19-23.23.51:180][  0]LogConfig: Setting CVar [[r.VolumetricFog:1]]
[2019.05.19-23.23.51:180][  0]LogConfig: Setting CVar [[r.VolumetricFog.GridPixelSize:8]]
[2019.05.19-23.23.51:181][  0]LogConfig: Setting CVar [[r.VolumetricFog.GridSizeZ:128]]
[2019.05.19-23.23.51:181][  0]LogConfig: Setting CVar [[r.VolumetricFog.HistoryMissSupersampleCount:4]]
[2019.05.19-23.23.51:181][  0]LogConfig: Setting CVar [[r.LightMaxDrawDistanceScale:1]]
[2019.05.19-23.23.51:181][  0]LogConfig: Setting CVar [[r.CapsuleShadows:1]]
[2019.05.19-23.23.51:181][  0]LogConfig: Applying CVar settings from Section [PostProcessQuality@3] File [A:/GIT/Tutorials/00TutorialTemplate/Saved/Config/Windows/Scalability.ini]
[2019.05.19-23.23.51:181][  0]LogConfig: Setting CVar [[r.MotionBlurQuality:4]]
[2019.05.19-23.23.51:181][  0]LogConfig: Setting CVar [[r.AmbientOcclusionMipLevelFactor:0.4]]
[2019.05.19-23.23.51:181][  0]LogConfig: Setting CVar [[r.AmbientOcclusionMaxQuality:100]]
[2019.05.19-23.23.51:181][  0]LogConfig: Setting CVar [[r.AmbientOcclusionLevels:-1]]
[2019.05.19-23.23.51:181][  0]LogConfig: Setting CVar [[r.AmbientOcclusionRadiusScale:1.0]]
[2019.05.19-23.23.51:181][  0]LogConfig: Setting CVar [[r.DepthOfFieldQuality:2]]
[2019.05.19-23.23.51:181][  0]LogConfig: Setting CVar [[r.RenderTargetPoolMin:400]]
[2019.05.19-23.23.51:181][  0]LogConfig: Setting CVar [[r.LensFlareQuality:2]]
[2019.05.19-23.23.51:181][  0]LogConfig: Setting CVar [[r.SceneColorFringeQuality:1]]
[2019.05.19-23.23.51:181][  0]LogConfig: Setting CVar [[r.EyeAdaptationQuality:2]]
[2019.05.19-23.23.51:181][  0]LogConfig: Setting CVar [[r.BloomQuality:5]]
[2019.05.19-23.23.51:181][  0]LogConfig: Setting CVar [[r.FastBlurThreshold:100]]
[2019.05.19-23.23.51:181][  0]LogConfig: Setting CVar [[r.Upscale.Quality:3]]
[2019.05.19-23.23.51:181][  0]LogConfig: Setting CVar [[r.Tonemapper.GrainQuantization:1]]
[2019.05.19-23.23.51:181][  0]LogConfig: Setting CVar [[r.LightShaftQuality:1]]
[2019.05.19-23.23.51:181][  0]LogConfig: Setting CVar [[r.Filter.SizeScale:1]]
[2019.05.19-23.23.51:181][  0]LogConfig: Setting CVar [[r.Tonemapper.Quality:5]]
[2019.05.19-23.23.51:181][  0]LogConfig: Setting CVar [[r.DOF.Gather.AccumulatorQuality:1        ; higher gathering accumulator quality]]
[2019.05.19-23.23.51:181][  0]LogConfig: Setting CVar [[r.DOF.Gather.PostfilterMethod:1          ; Median3x3 postfilering method]]
[2019.05.19-23.23.51:181][  0]LogConfig: Setting CVar [[r.DOF.Gather.EnableBokehSettings:0       ; no bokeh simulation when gathering]]
[2019.05.19-23.23.51:181][  0]LogConfig: Setting CVar [[r.DOF.Gather.RingCount:4                 ; medium number of samples when gathering]]
[2019.05.19-23.23.51:181][  0]LogConfig: Setting CVar [[r.DOF.Scatter.ForegroundCompositing:1    ; additive foreground scattering]]
[2019.05.19-23.23.51:181][  0]LogConfig: Setting CVar [[r.DOF.Scatter.BackgroundCompositing:2    ; additive background scattering]]
[2019.05.19-23.23.51:181][  0]LogConfig: Setting CVar [[r.DOF.Scatter.EnableBokehSettings:1      ; bokeh simulation when scattering]]
[2019.05.19-23.23.51:181][  0]LogConfig: Setting CVar [[r.DOF.Scatter.MaxSpriteRatio:0.1         ; only a maximum of 10% of scattered bokeh]]
[2019.05.19-23.23.51:181][  0]LogConfig: Setting CVar [[r.DOF.Recombine.Quality:1                ; cheap slight out of focus]]
[2019.05.19-23.23.51:181][  0]LogConfig: Setting CVar [[r.DOF.Recombine.EnableBokehSettings:0    ; no bokeh simulation on slight out of focus]]
[2019.05.19-23.23.51:181][  0]LogConfig: Setting CVar [[r.DOF.TemporalAAQuality:1                ; more stable temporal accumulation]]
[2019.05.19-23.23.51:181][  0]LogConfig: Setting CVar [[r.DOF.Kernel.MaxForegroundRadius:0.025]]
[2019.05.19-23.23.51:181][  0]LogConfig: Setting CVar [[r.DOF.Kernel.MaxBackgroundRadius:0.025]]
[2019.05.19-23.23.51:181][  0]LogConfig: Applying CVar settings from Section [TextureQuality@3] File [A:/GIT/Tutorials/00TutorialTemplate/Saved/Config/Windows/Scalability.ini]
[2019.05.19-23.23.51:181][  0]LogConfig: Setting CVar [[r.Streaming.MipBias:0]]
[2019.05.19-23.23.51:181][  0]LogConfig: Setting CVar [[r.Streaming.AmortizeCPUToGPUCopy:0]]
[2019.05.19-23.23.51:181][  0]LogConfig: Setting CVar [[r.Streaming.MaxNumTexturesToStreamPerFrame:0]]
[2019.05.19-23.23.51:181][  0]LogConfig: Setting CVar [[r.Streaming.Boost:1]]
[2019.05.19-23.23.51:181][  0]LogConfig: Setting CVar [[r.MaxAnisotropy:8]]
[2019.05.19-23.23.51:181][  0]LogConfig: Setting CVar [[r.Streaming.LimitPoolSizeToVRAM:0]]
[2019.05.19-23.23.51:181][  0]LogConfig: Setting CVar [[r.Streaming.PoolSize:1000]]
[2019.05.19-23.23.51:181][  0]LogConfig: Setting CVar [[r.Streaming.MaxEffectiveScreenSize:0]]
[2019.05.19-23.23.51:181][  0]LogConfig: Applying CVar settings from Section [EffectsQuality@3] File [A:/GIT/Tutorials/00TutorialTemplate/Saved/Config/Windows/Scalability.ini]
[2019.05.19-23.23.51:181][  0]LogConfig: Setting CVar [[r.TranslucencyLightingVolumeDim:64]]
[2019.05.19-23.23.51:181][  0]LogConfig: Setting CVar [[r.RefractionQuality:2]]
[2019.05.19-23.23.51:181][  0]LogConfig: Setting CVar [[r.SSR.Quality:3]]
[2019.05.19-23.23.51:181][  0]LogConfig: Setting CVar [[r.SceneColorFormat:4]]
[2019.05.19-23.23.51:181][  0]LogConfig: Setting CVar [[r.DetailMode:2]]
[2019.05.19-23.23.51:181][  0]LogConfig: Setting CVar [[r.TranslucencyVolumeBlur:1]]
[2019.05.19-23.23.51:181][  0]LogConfig: Setting CVar [[r.MaterialQualityLevel:1 ; High quality]]
[2019.05.19-23.23.51:181][  0]LogConfig: Setting CVar [[r.SSS.Scale:1]]
[2019.05.19-23.23.51:181][  0]LogConfig: Setting CVar [[r.SSS.SampleSet:2]]
[2019.05.19-23.23.51:181][  0]LogConfig: Setting CVar [[r.SSS.Quality:1]]
[2019.05.19-23.23.51:181][  0]LogConfig: Setting CVar [[r.SSS.HalfRes:1]]
[2019.05.19-23.23.51:181][  0]LogConfig: Setting CVar [[r.EmitterSpawnRateScale:1.0]]
[2019.05.19-23.23.51:181][  0]LogConfig: Setting CVar [[r.ParticleLightQuality:2]]
[2019.05.19-23.23.51:181][  0]LogConfig: Applying CVar settings from Section [FoliageQuality@3] File [A:/GIT/Tutorials/00TutorialTemplate/Saved/Config/Windows/Scalability.ini]
[2019.05.19-23.23.51:181][  0]LogConfig: Setting CVar [[foliage.DensityScale:1.0]]
[2019.05.19-23.23.51:181][  0]LogConfig: Setting CVar [[grass.DensityScale:1.0]]
[2019.05.19-23.23.51:181][  0]LogConfig: Applying CVar settings from Section [Startup] File [../../../Engine/Config/ConsoleVariables.ini]
[2019.05.19-23.23.51:182][  0]LogConfig: Setting CVar [[net.UseAdaptiveNetUpdateFrequency:0]]
[2019.05.19-23.23.51:182][  0]LogConfig: Applying CVar settings from Section [ConsoleVariables] File [A:/GIT/Tutorials/00TutorialTemplate/Saved/Config/Windows/Engine.ini]
[2019.05.19-23.23.51:182][  0]LogInit: Computer: DESKTOP-N53GCT6
[2019.05.19-23.23.51:182][  0]LogInit: User: death
[2019.05.19-23.23.51:182][  0]LogInit: CPU Page size=4096, Cores=4
[2019.05.19-23.23.51:182][  0]LogInit: High frequency timer resolution =3.906268 MHz
[2019.05.19-23.23.51:182][  0]LogMemory: Memory total: Physical=31.9GB (32GB approx)
[2019.05.19-23.23.51:182][  0]LogMemory: Platform Memory Stats for Windows
[2019.05.19-23.23.51:182][  0]LogMemory: Process Physical Memory: 103.21 MB used, 103.21 MB peak
[2019.05.19-23.23.51:182][  0]LogMemory: Process Virtual Memory: 89.69 MB used, 89.69 MB peak
[2019.05.19-23.23.51:182][  0]LogMemory: Physical Memory: 15658.61 MB used,  17058.07 MB free, 32716.68 MB total
[2019.05.19-23.23.51:182][  0]LogMemory: Virtual Memory: 4651.08 MB used,  134213080.00 MB free, 134217728.00 MB total
[2019.05.19-23.23.51:216][  0]LogInit: Using OS detected language (en-US).
[2019.05.19-23.23.51:216][  0]LogInit: Using OS detected locale (en-US).
[2019.05.19-23.23.51:220][  0]LogTextLocalizationManager: No specific localization for 'en-US' exists, so the 'en' localization will be used.
[2019.05.19-23.23.51:603][  0]LogStreaming: Display: Took  0.387s to InitEngineTextLocalization.
[2019.05.19-23.23.51:603][  0]LogInit: Setting process to per monitor DPI aware
[2019.05.19-23.23.51:697][  0]LogSlate: New Slate User Created.  User Index 0, Is Virtual User: 0
[2019.05.19-23.23.51:697][  0]LogSlate: Slate User Registered.  User Index 0, Is Virtual User: 0
[2019.05.19-23.23.52:258][  0]LogHMD: Failed to initialize OpenVR with code 110
[2019.05.19-23.23.52:258][  0]LogD3D11RHI: D3D11 adapters:
[2019.05.19-23.23.52:380][  0]LogD3D11RHI:    0. 'NVIDIA GeForce GTX 1070' (Feature Level 11_0)
[2019.05.19-23.23.52:380][  0]LogD3D11RHI:       8088/0/16358 MB DedicatedVideo/DedicatedSystem/SharedSystem, Outputs:2, VendorId:0x10de
[2019.05.19-23.23.52:383][  0]LogD3D11RHI:    1. 'Microsoft Basic Render Driver' (Feature Level 11_0)
[2019.05.19-23.23.52:383][  0]LogD3D11RHI:       0/0/16358 MB DedicatedVideo/DedicatedSystem/SharedSystem, Outputs:0, VendorId:0x1414
[2019.05.19-23.23.52:383][  0]LogD3D11RHI: Chosen D3D11 Adapter: 0
[2019.05.19-23.23.52:396][  0]LogD3D11RHI: Creating new Direct3DDevice
[2019.05.19-23.23.52:396][  0]LogD3D11RHI:     GPU DeviceId: 0x1b81 (for the marketing name, search the web for "GPU Device Id")
[2019.05.19-23.23.52:396][  0]LogWindows: EnumDisplayDevices:
[2019.05.19-23.23.52:396][  0]LogWindows:    0. 'NVIDIA GeForce GTX 1070' (P:1 D:1)
[2019.05.19-23.23.52:396][  0]LogWindows:    1. 'NVIDIA GeForce GTX 1070' (P:0 D:1)
[2019.05.19-23.23.52:397][  0]LogWindows:    2. 'NVIDIA GeForce GTX 1070' (P:0 D:0)
[2019.05.19-23.23.52:397][  0]LogWindows:    3. 'NVIDIA GeForce GTX 1070' (P:0 D:0)
[2019.05.19-23.23.52:398][  0]LogWindows: DebugString: FoundDriverCount:4 
[2019.05.19-23.23.52:398][  0]LogD3D11RHI:     Adapter Name: NVIDIA GeForce GTX 1070
[2019.05.19-23.23.52:398][  0]LogD3D11RHI:   Driver Version: 430.64 (internal:26.21.14.3064, unified:430.64)
[2019.05.19-23.23.52:398][  0]LogD3D11RHI:      Driver Date: 5-5-2019
[2019.05.19-23.23.52:398][  0]LogRHI: Texture pool is 5661 MB (70% of 8088 MB)
[2019.05.19-23.23.52:447][  0]LogD3D11RHI: Async texture creation enabled
[2019.05.19-23.23.52:468][  0]LogD3D11RHI: GPU Timing Frequency: 1000.000000 (Debug: 2 1)
[2019.05.19-23.23.53:031][  0]LogTemp: Display: Loaded TP AllDesktopTargetPlatform
[2019.05.19-23.23.53:046][  0]LogTemp: Display: Loaded TP MacClientTargetPlatform
[2019.05.19-23.23.53:066][  0]LogTemp: Display: Loaded TP MacNoEditorTargetPlatform
[2019.05.19-23.23.53:081][  0]LogTemp: Display: Loaded TP MacServerTargetPlatform
[2019.05.19-23.23.53:097][  0]LogTemp: Display: Loaded TP MacTargetPlatform
[2019.05.19-23.23.53:112][  0]LogTemp: Display: Loaded TP WindowsClientTargetPlatform
[2019.05.19-23.23.53:126][  0]LogTemp: Display: Loaded TP WindowsNoEditorTargetPlatform
[2019.05.19-23.23.53:142][  0]LogTemp: Display: Loaded TP WindowsServerTargetPlatform
[2019.05.19-23.23.53:149][  0]LogTemp: Display: Loaded TP WindowsTargetPlatform
[2019.05.19-23.23.53:229][  0]LogTemp: Display: Loaded TP AndroidTargetPlatform
[2019.05.19-23.23.53:229][  0]LogTemp: Display: Loaded TP AndroidTargetPlatform
[2019.05.19-23.23.53:229][  0]LogTemp: Display: Loaded TP AndroidTargetPlatform
[2019.05.19-23.23.53:229][  0]LogTemp: Display: Loaded TP AndroidTargetPlatform
[2019.05.19-23.23.53:229][  0]LogTemp: Display: Loaded TP AndroidTargetPlatform
[2019.05.19-23.23.53:229][  0]LogTemp: Display: Loaded TP AndroidTargetPlatform
[2019.05.19-23.23.53:229][  0]LogTemp: Display: Loaded TP AndroidTargetPlatform
[2019.05.19-23.23.53:229][  0]LogTemp: Display: Loaded TP AndroidTargetPlatform
[2019.05.19-23.23.53:229][  0]LogTemp: Display: Loaded TP AndroidTargetPlatform
[2019.05.19-23.23.53:229][  0]LogTemp: Display: Loaded TP AndroidTargetPlatform
[2019.05.19-23.23.53:229][  0]LogTemp: Display: Loaded TP AndroidTargetPlatform
[2019.05.19-23.23.53:229][  0]LogTemp: Display: Loaded TP AndroidTargetPlatform
[2019.05.19-23.23.53:229][  0]LogTemp: Display: Loaded TP AndroidTargetPlatform
[2019.05.19-23.23.53:229][  0]LogTemp: Display: Loaded TP AndroidTargetPlatform
[2019.05.19-23.23.53:229][  0]LogTemp: Display: Loaded TP AndroidTargetPlatform
[2019.05.19-23.23.53:229][  0]LogTemp: Display: Loaded TP AndroidTargetPlatform
[2019.05.19-23.23.53:229][  0]LogTemp: Display: Loaded TP AndroidTargetPlatform
[2019.05.19-23.23.53:229][  0]LogTemp: Display: Loaded TP AndroidTargetPlatform
[2019.05.19-23.23.53:232][  0]LogTemp: Display: Loaded TP HTML5TargetPlatform
[2019.05.19-23.23.53:300][  0]LogTemp: Display: Loaded TP IOSTargetPlatform
[2019.05.19-23.23.53:300][  0]LogTemp: Display: Loaded TP IOSTargetPlatform
[2019.05.19-23.23.53:324][  0]LogTemp: Display: Loaded TP TVOSTargetPlatform
[2019.05.19-23.23.53:324][  0]LogTemp: Display: Loaded TP TVOSTargetPlatform
[2019.05.19-23.23.53:337][  0]LogTemp: Display: Loaded TP LinuxClientTargetPlatform
[2019.05.19-23.23.53:350][  0]LogTemp: Display: Loaded TP LinuxNoEditorTargetPlatform
[2019.05.19-23.23.53:363][  0]LogTemp: Display: Loaded TP LinuxServerTargetPlatform
[2019.05.19-23.23.53:378][  0]LogTemp: Display: Loaded TP LinuxTargetPlatform
[2019.05.19-23.23.53:425][  0]LogTemp: Display: Loaded TP LuminTargetPlatform
[2019.05.19-23.23.53:425][  0]LogTemp: Display: Loaded TP LuminTargetPlatform
[2019.05.19-23.23.53:425][  0]LogTargetPlatformManager: Display: Building Assets For Windows
[2019.05.19-23.23.53:502][  0]LogShaderCompilers: Guid format shader working directory is -8 characters bigger than the processId version (../../../../../../../GIT/Tutorials/00TutorialTemplate/Intermediate/Shaders/WorkingDirectory/22992/).
[2019.05.19-23.23.53:502][  0]LogShaderCompilers: Cleaned the shader compiler working directory 'C:/Users/death/AppData/Local/Temp/UnrealShaderWorkingDir/04FC9B9F46EB0D0F72CB539CF9CEF95A/'.
[2019.05.19-23.23.53:505][  0]LogXGEController: Cannot use XGE Controller as Incredibuild is not installed on this machine.
[2019.05.19-23.23.53:505][  0]LogShaderCompilers: Cannot use XGE Shader Compiler as Incredibuild is not installed on this machine.
[2019.05.19-23.23.53:505][  0]LogShaderCompilers: Display: Using Local Shader Compiler.
[2019.05.19-23.23.54:059][  0]LogDerivedDataCache: Display: Max Cache Size: 512 MB
[2019.05.19-23.23.54:150][  0]LogDerivedDataCache: Loaded boot cache 0.09s 81MB C:/Users/death/AppData/Local/UnrealEngine/4.21/DerivedDataCache/Boot.ddc.
[2019.05.19-23.23.54:150][  0]LogDerivedDataCache: Display: Loaded Boot cache: C:/Users/death/AppData/Local/UnrealEngine/4.21/DerivedDataCache/Boot.ddc
[2019.05.19-23.23.54:150][  0]LogDerivedDataCache: FDerivedDataBackendGraph:  Pak pak cache file ../../../../../../../GIT/Tutorials/00TutorialTemplate/DerivedDataCache/DDC.ddp not found, will not use a pak cache.
[2019.05.19-23.23.54:150][  0]LogDerivedDataCache: Unable to find inner node Pak for hierarchical cache Hierarchy.
[2019.05.19-23.23.54:150][  0]LogDerivedDataCache: FDerivedDataBackendGraph:  CompressedPak pak cache file ../../../../../../../GIT/Tutorials/00TutorialTemplate/DerivedDataCache/Compressed.ddp not found, will not use a pak cache.
[2019.05.19-23.23.54:150][  0]LogDerivedDataCache: Unable to find inner node CompressedPak for hierarchical cache Hierarchy.
[2019.05.19-23.23.54:167][  0]LogDerivedDataCache: Display: Pak cache opened for reading ../../../Engine/DerivedDataCache/Compressed.ddp.
[2019.05.19-23.23.54:167][  0]LogDerivedDataCache: FDerivedDataBackendGraph:  EnterprisePak pak cache file ../../../Enterprise/DerivedDataCache/Compressed.ddp not found, will not use a pak cache.
[2019.05.19-23.23.54:167][  0]LogDerivedDataCache: Unable to find inner node EnterprisePak for hierarchical cache Hierarchy.
[2019.05.19-23.23.54:179][  0]LogDerivedDataCache: Using Local data cache path C:/Users/death/AppData/Local/UnrealEngine/Common/DerivedDataCache: Writable
[2019.05.19-23.23.54:179][  0]LogDerivedDataCache: Shared data cache path not found in *engine.ini, will not use an Shared cache.
[2019.05.19-23.23.54:179][  0]LogDerivedDataCache: Unable to find inner node Shared for hierarchical cache Hierarchy.
[2019.05.19-23.23.54:220][  0]LogMaterial: Verifying Global Shaders for PCD3D_SM5
[2019.05.19-23.23.54:222][  0]LogSlate: Using FreeType 2.6.0
[2019.05.19-23.23.54:223][  0]LogSlate: SlateFontServices - WITH_FREETYPE: 1, WITH_HARFBUZZ: 1
[2019.05.19-23.23.54:365][  0]LogAssetRegistry: FAssetRegistry took 0.0345 seconds to start up
[2019.05.19-23.23.54:716][  0]LogInit: Selected Device Profile: [Windows]
[2019.05.19-23.23.54:877][  0]LogSimplygon: Simplygon DLL not present - disabling.
[2019.05.19-23.23.54:882][  0]LogMeshReduction: Using SimplygonSwarm for distributed automatic mesh merging
[2019.05.19-23.23.54:882][  0]LogMeshReduction: Using ProxyLODMeshReduction for automatic mesh merging
[2019.05.19-23.23.54:882][  0]LogMeshReduction: Using QuadricMeshReduction for automatic static mesh reduction
[2019.05.19-23.23.54:882][  0]LogMeshReduction: No automatic skeletal mesh reduction module available
[2019.05.19-23.23.54:897][  0]LogNetVersion: TutorialTemplate 1.0.0, NetCL: 4541578, EngineNetVer: 5, GameNetVer: 0 (Checksum: 1291650559)
[2019.05.19-23.23.55:645][  0]LogPackageLocalizationCache: Processed 11 localized package path(s) for 2 prioritized culture(s) in 0.259300 seconds
[2019.05.19-23.23.55:652][  0]LogUObjectArray: 39775 objects as part of root set at end of initial load.
[2019.05.19-23.23.55:652][  0]LogUObjectAllocator: 6914656 out of 0 bytes used by permanent object pool.
[2019.05.19-23.23.55:652][  0]LogUObjectArray: CloseDisregardForGC: 0/0 objects in disregard for GC pool
[2019.05.19-23.23.56:966][  0]LogTcpMessaging: Initializing TcpMessaging bridge
[2019.05.19-23.23.56:981][  0]LogUdpMessaging: Initializing bridge on interface 0.0.0.0:0 to multicast group 230.0.0.1:6666.
[2019.05.19-23.23.58:134][  0]SourceControl: Source control is disabled
[2019.05.19-23.23.58:135][  0]SourceControl: Source control is disabled
[2019.05.19-23.23.58:137][  0]SourceControl: Source control is disabled
[2019.05.19-23.23.58:137][  0]SourceControl: Source control is disabled
[2019.05.19-23.23.58:321][  0]LogAndroidPermission: UAndroidPermissionCallbackProxy::GetInstance
[2019.05.19-23.23.58:425][  0]LogOcInput: OculusInput pre-init called
[2019.05.19-23.23.58:574][  0]LogEngine: Initializing Engine...
[2019.05.19-23.23.58:575][  0]LogHMD: Failed to initialize OpenVR with code 110
[2019.05.19-23.23.58:577][  0]LogStats: UGameplayTagsManager::ConstructGameplayTagTree: ImportINI prefixes -  0.000 s
[2019.05.19-23.23.58:577][  0]LogStats: UGameplayTagsManager::ConstructGameplayTagTree: Construct from data asset -  0.000 s
[2019.05.19-23.23.58:577][  0]LogStats: UGameplayTagsManager::ConstructGameplayTagTree: ImportINI -  0.000 s
[2019.05.19-23.23.58:578][  0]LogStats: UGameplayTagsManager::ConstructGameplayTagTree: GameplayTagTreeChangedEvent.Broadcast -  0.000 s
[2019.05.19-23.23.58:803][  0]LogInit: Initializing FReadOnlyCVARCache
[2019.05.19-23.23.58:820][  0]LogAIModule: Creating AISystem for world Untitled
[2019.05.19-23.23.58:931][  0]LogInit: XAudio2 using 'Speakers (High Definition Audio Device)' : 2 channels at 48 kHz using 16 bits per sample (channel mask 0x3)
[2019.05.19-23.23.58:960][  0]LogInit: FAudioDevice initialized.
[2019.05.19-23.23.58:961][  0]LogNetVersion: Set ProjectVersion to 1.0.0.0. Version Checksum will be recalculated on next use.
[2019.05.19-23.23.59:319][  0]LogDerivedDataCache: Saved boot cache 0.36s 81MB C:/Users/death/AppData/Local/UnrealEngine/4.21/DerivedDataCache/Boot.ddc.
[2019.05.19-23.23.59:337][  0]LogInit: Texture streaming: Enabled
[2019.05.19-23.23.59:364][  0]LogEngineSessionManager: EngineSessionManager initialized
[2019.05.19-23.23.59:411][  0]LogInit: Transaction tracking system initialized
[2019.05.19-23.23.59:445][  0]BlueprintLog: New page: Editor Load
[2019.05.19-23.23.59:552][  0]LocalizationService: Localization service is disabled
[2019.05.19-23.24.00:388][  0]LogCook: Display: Max memory allowance for cook 16384mb min free memory 0mb
[2019.05.19-23.24.00:389][  0]LogCook: Display: Mobile HDR setting 1
[2019.05.19-23.24.00:389][  0]LogGameplayTags: Display: UGameplayTagsManager::DoneAddingNativeTags. DelegateIsBound: 0
[2019.05.19-23.24.00:389][  0]LogStats: UGameplayTagsManager::ConstructGameplayTagTree: ImportINI prefixes -  0.000 s
[2019.05.19-23.24.00:389][  0]LogStats: UGameplayTagsManager::ConstructGameplayTagTree: Construct from data asset -  0.000 s
[2019.05.19-23.24.00:389][  0]LogStats: UGameplayTagsManager::ConstructGameplayTagTree: ImportINI -  0.000 s
[2019.05.19-23.24.00:389][  0]LogStats: UGameplayTagsManager::ConstructGameplayTagTree: GameplayTagTreeChangedEvent.Broadcast -  0.000 s
[2019.05.19-23.24.00:459][  0]LogFileCache: Scanning file cache for directory 'A:/GIT/Tutorials/00TutorialTemplate/Content/' took 0.02s
[2019.05.19-23.24.00:555][  0]SourceControl: Source control is disabled
[2019.05.19-23.24.00:555][  0]Cmd: MAP LOAD FILE="../../../../../../../GIT/Tutorials/00TutorialTemplate/Content/TutorialTemplate/Maps/ThirdPersonExampleMap.umap" TEMPLATE=0 SHOWPROGRESS=1 FEATURELEVEL=3
[2019.05.19-23.24.00:607][  0]LightingResults: New page: Lighting Build
[2019.05.19-23.24.00:610][  0]MapCheck: New page: Map Check
[2019.05.19-23.24.00:610][  0]LightingResults: New page: Lighting Build
[2019.05.19-23.24.02:172][  0]LogAIModule: Creating AISystem for world ThirdPersonExampleMap
[2019.05.19-23.24.02:182][  0]LogEditorServer: Finished looking for orphan Actors (0.000 secs)
[2019.05.19-23.24.02:201][  0]Cmd: MAP CHECKDEP NOCLEARLOG
[2019.05.19-23.24.02:201][  0]MapCheck: Map check complete: 0 Error(s), 0 Warning(s), took 0.108ms to complete.
[2019.05.19-23.24.02:201][  0]LogFileHelpers: Loading map 'ThirdPersonExampleMap' took 1.647
[2019.05.19-23.24.02:400][  0]LogSlate: Updating window title bar state: overlay mode, drag disabled, window buttons hidden, title bar hidden
[2019.05.19-23.24.02:409][  0]LogSlate: Updating window title bar state: overlay mode, drag disabled, window buttons hidden, title bar hidden
[2019.05.19-23.24.02:415][  0]LogSlate: Updating window title bar state: overlay mode, drag disabled, window buttons hidden, title bar hidden
[2019.05.19-23.24.02:423][  0]LogSlate: Updating window title bar state: overlay mode, drag disabled, window buttons hidden, title bar hidden
[2019.05.19-23.24.04:206][  0]LogSlate: Only BGRA pngs, bmps or icos are supported in by External Image Picker
[2019.05.19-23.24.04:280][  0]LogTemp: Executing iPhonePackager certificates Engine -bundlename com.YourCompany.TutorialTemplate
[2019.05.19-23.24.04:280][  0]LogTemp: CWD: A:\Game Design\UE4\Epic Games\UE_4.21\Engine\Binaries\DotNET\IOS
[2019.05.19-23.24.04:280][  0]LogTemp: Initial Dir: A:\Game Design\UE4\Epic Games\UE_4.21
[2019.05.19-23.24.04:280][  0]LogTemp: Env CWD: A:\Game Design\UE4\Epic Games\UE_4.21\Engine\Binaries\DotNET\IOS
[2019.05.19-23.24.04:280][  0]LogTemp: BranchPath = DESKTOP-N53GCT6/A/Game Design/UE4/Epic Games/UE_4.21/Engine/Binaries --- GameBranchPath = DESKTOP-N53GCT6/A/Game Design/UE4/Epic Games/UE_4.21/Engine/Binaries
[2019.05.19-23.24.04:280][  0]LogSlate: Took 0.000420 seconds to synchronously load lazily loaded font '../../../Engine/Content/Slate/Fonts/Roboto-Regular.ttf' (155K)
[2019.05.19-23.24.04:765][  0]LogTemp: IPP ERROR: Could not find provision directory 'C:\Users\death\AppData\Local/Apple Computer/MobileDevice/Provisioning Profiles/'.
[2019.05.19-23.24.04:765][  0]LogCollectionManager: Loaded 0 collections in 0.003180 seconds
[2019.05.19-23.24.04:806][  0]LogFileCache: Scanning file cache for directory 'A:/GIT/Tutorials/00TutorialTemplate/Saved/Collections/' took 0.01s
[2019.05.19-23.24.04:806][  0]LogFileCache: Scanning file cache for directory 'A:/GIT/Tutorials/00TutorialTemplate/Content/Developers/death/Collections/' took 0.01s
[2019.05.19-23.24.04:806][  0]LogFileCache: Scanning file cache for directory 'A:/GIT/Tutorials/00TutorialTemplate/Content/Collections/' took 0.01s
[2019.05.19-23.24.04:806][  0]LogCollectionManager: Rebuilt the GUID cache for 0 collections in 0.000000 seconds
[2019.05.19-23.24.04:815][  0]LogContentBrowser: Native class hierarchy populated in 0.0085 seconds. Added 2658 classes and 622 folders.
[2019.05.19-23.24.04:823][  0]LogContentBrowser: Native class hierarchy updated for 'WidgetCarousel' in 0.0004 seconds. Added 0 classes and 0 folders.
[2019.05.19-23.24.04:826][  0]LogPakFile: Registered encryption key '00000000000000000000000000000000': 0 pak files mounted, 0 remain pending
[2019.05.19-23.24.04:827][  0]LogPakFile: Registered encryption key '00000000000000000000000000000000': 0 pak files mounted, 0 remain pending
[2019.05.19-23.24.04:828][  0]LogPakFile: Registered encryption key '00000000000000000000000000000000': 0 pak files mounted, 0 remain pending
[2019.05.19-23.24.04:829][  0]LogPakFile: Registered encryption key '00000000000000000000000000000000': 0 pak files mounted, 0 remain pending
[2019.05.19-23.24.04:831][  0]LogPakFile: Registered encryption key '00000000000000000000000000000000': 0 pak files mounted, 0 remain pending
[2019.05.19-23.24.04:832][  0]LogPakFile: Registered encryption key '00000000000000000000000000000000': 0 pak files mounted, 0 remain pending
[2019.05.19-23.24.04:833][  0]LogPakFile: Registered encryption key '00000000000000000000000000000000': 0 pak files mounted, 0 remain pending
[2019.05.19-23.24.04:834][  0]LogPakFile: Registered encryption key '00000000000000000000000000000000': 0 pak files mounted, 0 remain pending
[2019.05.19-23.24.04:835][  0]LogPakFile: Registered encryption key '00000000000000000000000000000000': 0 pak files mounted, 0 remain pending
[2019.05.19-23.24.04:836][  0]LogPakFile: Registered encryption key '00000000000000000000000000000000': 0 pak files mounted, 0 remain pending
[2019.05.19-23.24.04:837][  0]LogPakFile: Registered encryption key '00000000000000000000000000000000': 0 pak files mounted, 0 remain pending
[2019.05.19-23.24.04:838][  0]LogPakFile: Registered encryption key '00000000000000000000000000000000': 0 pak files mounted, 0 remain pending
[2019.05.19-23.24.04:838][  0]LogPakFile: Registered encryption key '00000000000000000000000000000000': 0 pak files mounted, 0 remain pending
[2019.05.19-23.24.04:840][  0]LogPakFile: Registered encryption key '00000000000000000000000000000000': 0 pak files mounted, 0 remain pending
[2019.05.19-23.24.04:841][  0]LogPakFile: Registered encryption key '00000000000000000000000000000000': 0 pak files mounted, 0 remain pending
[2019.05.19-23.24.04:842][  0]LogPakFile: Registered encryption key '00000000000000000000000000000000': 0 pak files mounted, 0 remain pending
[2019.05.19-23.24.04:844][  0]LogPakFile: Registered encryption key '00000000000000000000000000000000': 0 pak files mounted, 0 remain pending
[2019.05.19-23.24.04:845][  0]LogPakFile: Registered encryption key '00000000000000000000000000000000': 0 pak files mounted, 0 remain pending
[2019.05.19-23.24.04:846][  0]LogPakFile: Registered encryption key '00000000000000000000000000000000': 0 pak files mounted, 0 remain pending
[2019.05.19-23.24.04:848][  0]LogPakFile: Registered encryption key '00000000000000000000000000000000': 0 pak files mounted, 0 remain pending
[2019.05.19-23.24.04:849][  0]LogPakFile: Registered encryption key '00000000000000000000000000000000': 0 pak files mounted, 0 remain pending
[2019.05.19-23.24.04:850][  0]LogPakFile: Registered encryption key '00000000000000000000000000000000': 0 pak files mounted, 0 remain pending
[2019.05.19-23.24.04:851][  0]LogPakFile: Registered encryption key '00000000000000000000000000000000': 0 pak files mounted, 0 remain pending
[2019.05.19-23.24.04:852][  0]LogPakFile: Registered encryption key '00000000000000000000000000000000': 0 pak files mounted, 0 remain pending
[2019.05.19-23.24.04:853][  0]LogPakFile: Registered encryption key '00000000000000000000000000000000': 0 pak files mounted, 0 remain pending
[2019.05.19-23.24.04:854][  0]LogPakFile: Registered encryption key '00000000000000000000000000000000': 0 pak files mounted, 0 remain pending
[2019.05.19-23.24.04:975][  0]LogContentBrowser: Native class hierarchy updated for 'AddContentDialog' in 0.0004 seconds. Added 0 classes and 0 folders.
[2019.05.19-23.24.04:990][  0]LogContentBrowser: Native class hierarchy updated for 'SceneOutliner' in 0.0003 seconds. Added 1 classes and 2 folders.
[2019.05.19-23.24.05:002][  0]LogContentBrowser: Native class hierarchy updated for 'WorldBrowser' in 0.0004 seconds. Added 2 classes and 3 folders.
[2019.05.19-23.24.05:020][  0]LogSlate: Took 0.000594 seconds to synchronously load lazily loaded font '../../../Engine/Content/Slate/Fonts/Roboto-Bold.ttf' (160K)
[2019.05.19-23.24.05:029][  0]LogSlate: Took 0.000445 seconds to synchronously load lazily loaded font '../../../Engine/Content/Editor/Slate/Fonts/FontAwesome.ttf' (139K)
[2019.05.19-23.24.05:189][  0]LogRenderer: Reallocating scene render targets to support 1608x732 Format 10 NumSamples 1 (Frame:1).
[2019.05.19-23.24.05:346][  0]LogContentBrowser: Native class hierarchy updated for 'HierarchicalLODOutliner' in 0.0003 seconds. Added 0 classes and 0 folders.
[2019.05.19-23.24.05:347][  0]LogLoad: (Engine Initialization) Total time: 19.47 seconds
[2019.05.19-23.24.05:347][  0]LogLoad: (Engine Initialization) Total Blueprint compile time: 0.00 seconds
[2019.05.19-23.24.05:387][  0]LogWindowsTextInputMethodSystem: Display: IME system now deactivated.
[2019.05.19-23.24.05:987][  0]LogContentStreaming: Texture pool size now 1000 MB
[2019.05.19-23.24.06:095][  2]LogAssetRegistry: Asset discovery search completed in 11.7520 seconds
[2019.05.19-23.24.06:097][  2]LogCollectionManager: Rebuilt the object cache for 0 collections in 0.000000 seconds (found 0 objects)
[2019.05.19-23.24.06:097][  2]LogCollectionManager: Fixed up redirectors for 0 collections in 0.000053 seconds (updated 0 objects)
[2019.05.19-23.24.06:740][ 31]LogSlate: Took 0.000583 seconds to synchronously load lazily loaded font '../../../Engine/Content/Slate/Fonts/Roboto-Light.ttf' (167K)
[2019.05.19-23.24.07:992][177]LogSlate: FSceneViewport::OnFocusLost() reason 0
[2019.05.19-23.24.09:930][403]LogAssetEditorManager: Opening Asset editor for Blueprint /Game/TutorialTemplate/Core/BP_CorePC.BP_CorePC
[2019.05.19-23.24.10:410][403]LogContentBrowser: Native class hierarchy updated for 'BlueprintGraph' in 0.0006 seconds. Added 117 classes and 0 folders.
[2019.05.19-23.24.11:800][403]LogSlate: Took 0.000558 seconds to synchronously load lazily loaded font '../../../Engine/Content/Slate/Fonts/Roboto-BoldCondensed.ttf' (158K)
[2019.05.19-23.24.12:067][404]LogSlate: Took 0.000423 seconds to synchronously load lazily loaded font '../../../Engine/Content/Slate/Fonts/Roboto-Italic.ttf' (157K)
[2019.05.19-23.24.16:328][862]BlueprintLog: New page: Compile BP_CorePC
[2019.05.19-23.24.16:502][862]Cmd: OBJ SAVEPACKAGE PACKAGE="/Game/TutorialTemplate/Core/BP_CorePC" FILE="../../../../../../../GIT/Tutorials/00TutorialTemplate/Content/TutorialTemplate/Core/BP_CorePC.uasset" SILENT=true
[2019.05.19-23.24.16:726][862]LogSavePackage: Moving '../../../../../../../GIT/Tutorials/00TutorialTemplate/Saved/BP_CorePC64D873614043B2555FDEEAB40013B2A8.tmp' to '../../../../../../../GIT/Tutorials/00TutorialTemplate/Content/TutorialTemplate/Core/BP_CorePC.uasset'
[2019.05.19-23.24.17:772][951]Cmd: OBJ SAVEPACKAGE PACKAGE="/Game/TutorialTemplate/Core/BP_CorePC" FILE="../../../../../../../GIT/Tutorials/00TutorialTemplate/Content/TutorialTemplate/Core/BP_CorePC.uasset" SILENT=true
[2019.05.19-23.24.17:899][951]LogSavePackage: Moving '../../../../../../../GIT/Tutorials/00TutorialTemplate/Saved/BP_CorePC568E2F2447168E7C56605CA420A84F61.tmp' to '../../../../../../../GIT/Tutorials/00TutorialTemplate/Content/TutorialTemplate/Core/BP_CorePC.uasset'
[2019.05.19-23.24.20:665][190]LogSlate: Window 'TutorialTemplate - Unreal Editor' being destroyed
[2019.05.19-23.24.20:666][190]LogWindowsTextInputMethodSystem: Display: IME system now deactivated.
[2019.05.19-23.24.22:192][191]Cmd: QUIT_EDITOR
[2019.05.19-23.24.22:811][191]LogExit: Preparing to exit.
[2019.05.19-23.24.24:004][191]LogExit: Editor shut down
[2019.05.19-23.24.24:005][191]LogExit: Transaction tracking system shut down
[2019.05.19-23.24.26:531][191]LogExit: Object subsystem successfully closed.
[2019.05.19-23.24.27:123][191]LogShaderCompilers: Display: Shaders left to compile 0
[2019.05.19-23.24.27:256][191]LogD3D11RHI: Shutdown
[2019.05.19-23.24.27:256][191]LogD3D11RHI: CleanupD3DDevice
[2019.05.19-23.24.27:479][191]LogD3D11RHI: ~FD3D11DynamicRHI
[2019.05.19-23.24.31:772][191]LogModuleManager: Shutting down and abandoning module BlueprintGraph (630)
[2019.05.19-23.24.31:772][191]LogModuleManager: Shutting down and abandoning module HierarchicalLODOutliner (628)
[2019.05.19-23.24.31:772][191]LogModuleManager: Shutting down and abandoning module WorldBrowser (626)
[2019.05.19-23.24.31:839][191]LogModuleManager: Shutting down and abandoning module SceneOutliner (624)
[2019.05.19-23.24.31:852][191]LogModuleManager: Shutting down and abandoning module AddContentDialog (622)
[2019.05.19-23.24.31:897][191]LogModuleManager: Shutting down and abandoning module WidgetCarousel (621)
[2019.05.19-23.24.31:897][191]LogModuleManager: Shutting down and abandoning module EditorWidgets (618)
[2019.05.19-23.24.31:897][191]LogModuleManager: Shutting down and abandoning module CollectionManager (616)
[2019.05.19-23.24.31:968][191]LogModuleManager: Shutting down and abandoning module ExternalImagePicker (614)
[2019.05.19-23.24.31:968][191]LogModuleManager: Shutting down and abandoning module StatsViewer (612)
[2019.05.19-23.24.31:991][191]LogModuleManager: Shutting down and abandoning module FoliageEdit (610)
[2019.05.19-23.24.32:028][191]LogModuleManager: Shutting down and abandoning module LandscapeEditor (608)
[2019.05.19-23.24.32:120][191]LogModuleManager: Shutting down and abandoning module MeshPaintMode (606)
[2019.05.19-23.24.32:140][191]LogModuleManager: Shutting down and abandoning module SceneDepthPickerMode (604)
[2019.05.19-23.24.32:140][191]LogModuleManager: Shutting down and abandoning module ActorPickerMode (602)
[2019.05.19-23.24.32:140][191]LogModuleManager: Shutting down and abandoning module GeometryMode (600)
[2019.05.19-23.24.32:140][191]LogModuleManager: Shutting down and abandoning module TextureAlignMode (598)
[2019.05.19-23.24.32:140][191]LogModuleManager: Shutting down and abandoning module BspMode (596)
[2019.05.19-23.24.32:140][191]LogModuleManager: Shutting down and abandoning module PIEPreviewDeviceProfileSelector (594)
[2019.05.19-23.24.32:207][191]LogModuleManager: Shutting down and abandoning module SequenceRecorderSections (592)
[2019.05.19-23.24.32:250][191]LogModuleManager: Shutting down and abandoning module AutomationWorker (590)
[2019.05.19-23.24.32:250][191]LogModuleManager: Shutting down and abandoning module AudioCaptureEditor (588)
[2019.05.19-23.24.32:250][191]LogModuleManager: Shutting down and abandoning module MatineeToLevelSequence (586)
[2019.05.19-23.24.32:306][191]LogModuleManager: Shutting down and abandoning module LevelSequenceEditor (584)
[2019.05.19-23.24.32:347][191]LogModuleManager: Shutting down and abandoning module PlacementMode (583)
[2019.05.19-23.24.32:347][191]LogModuleManager: Shutting down and abandoning module MaterialEditor (582)
[2019.05.19-23.24.32:492][191]LogModuleManager: Shutting down and abandoning module WmfMediaFactory (578)
[2019.05.19-23.24.32:492][191]LogModuleManager: Shutting down and abandoning module WmfMediaEditor (576)
[2019.05.19-23.24.32:492][191]LogModuleManager: Shutting down and abandoning module WebMMediaFactory (574)
[2019.05.19-23.24.32:492][191]LogModuleManager: Shutting down and abandoning module WebMMediaEditor (572)
[2019.05.19-23.24.32:492][191]LogModuleManager: Shutting down and abandoning module WebMMedia (570)
[2019.05.19-23.24.32:509][191]LogModuleManager: Shutting down and abandoning module MediaPlayerEditor (568)
[2019.05.19-23.24.32:569][191]LogModuleManager: Shutting down and abandoning module MediaCompositingEditor (566)
[2019.05.19-23.24.32:621][191]LogModuleManager: Shutting down and abandoning module SequenceRecorder (565)
[2019.05.19-23.24.32:644][191]LogModuleManager: Shutting down and abandoning module OpenExrWrapper (562)
[2019.05.19-23.24.32:644][191]LogModuleManager: Shutting down and abandoning module ImgMediaFactory (560)
[2019.05.19-23.24.32:644][191]LogModuleManager: Shutting down and abandoning module ImgMediaEditor (558)
[2019.05.19-23.24.32:644][191]LogModuleManager: Shutting down and abandoning module AvfMediaFactory (556)
[2019.05.19-23.24.32:644][191]LogModuleManager: Shutting down and abandoning module AvfMediaEditor (554)
[2019.05.19-23.24.32:644][191]LogModuleManager: Shutting down and abandoning module AndroidMediaFactory (552)
[2019.05.19-23.24.32:644][191]LogModuleManager: Shutting down and abandoning module AndroidMediaEditor (550)
[2019.05.19-23.24.32:644][191]LogModuleManager: Shutting down and abandoning module MagicLeapCameraPreviewFactory (548)
[2019.05.19-23.24.32:644][191]LogModuleManager: Shutting down and abandoning module MagicLeapMediaFactory (546)
[2019.05.19-23.24.32:644][191]LogModuleManager: Shutting down and abandoning module MagicLeapMediaEditor (544)
[2019.05.19-23.24.32:644][191]LogModuleManager: Shutting down and abandoning module CharacterAI (542)
[2019.05.19-23.24.32:644][191]LogModuleManager: Shutting down and abandoning module SmartSnapping (540)
[2019.05.19-23.24.32:644][191]LogModuleManager: Shutting down and abandoning module SessionServices (538)
[2019.05.19-23.24.32:644][191]LogModuleManager: Shutting down and abandoning module ViewportSnapping (536)
[2019.05.19-23.24.32:644][191]LogModuleManager: Shutting down and abandoning module ViewportInteraction (534)
[2019.05.19-23.24.32:644][191]LogModuleManager: Shutting down and abandoning module ClothPainter (532)
[2019.05.19-23.24.32:690][191]LogModuleManager: Shutting down and abandoning module SkeletalMeshEditor (531)
[2019.05.19-23.24.32:759][191]LogModuleManager: Shutting down and abandoning module LogVisualizer (528)
[2019.05.19-23.24.32:828][191]LogModuleManager: Shutting down and abandoning module IntroTutorials (526)
[2019.05.19-23.24.32:908][191]LogModuleManager: Shutting down and abandoning module GameProjectGeneration (525)
[2019.05.19-23.24.33:017][191]LogModuleManager: Shutting down and abandoning module LuminPlatformEditor (522)
[2019.05.19-23.24.33:017][191]LogModuleManager: Shutting down and abandoning module IOSPlatformEditor (520)
[2019.05.19-23.24.33:017][191]LogModuleManager: Shutting down and abandoning module HTML5PlatformEditor (518)
[2019.05.19-23.24.33:017][191]LogModuleManager: Shutting down and abandoning module AndroidPlatformEditor (516)
[2019.05.19-23.24.33:017][191]LogModuleManager: Shutting down and abandoning module AndroidDeviceDetection (515)
[2019.05.19-23.24.33:055][191]LogModuleManager: Shutting down and abandoning module WindowsPlatformEditor (512)
[2019.05.19-23.24.33:055][191]LogModuleManager: Shutting down and abandoning module LuminRuntimeSettings (510)
[2019.05.19-23.24.33:055][191]LogModuleManager: Shutting down and abandoning module IOSRuntimeSettings (508)
[2019.05.19-23.24.33:055][191]LogModuleManager: Shutting down and abandoning module AndroidRuntimeSettings (506)
[2019.05.19-23.24.33:055][191]LogModuleManager: Shutting down and abandoning module TimeManagementEditor (504)
[2019.05.19-23.24.33:055][191]LogModuleManager: Shutting down and abandoning module InputBindingEditor (502)
[2019.05.19-23.24.33:056][191]LogModuleManager: Shutting down and abandoning module MergeActors (500)
[2019.05.19-23.24.33:140][191]LogModuleManager: Shutting down and abandoning module LocalizationDashboard (498)
[2019.05.19-23.24.33:210][191]LogModuleManager: Shutting down and abandoning module LocalizationService (497)
[2019.05.19-23.24.33:226][191]LogModuleManager: Shutting down and abandoning module HardwareTargeting (494)
[2019.05.19-23.24.33:227][191]LogModuleManager: Shutting down and abandoning module DeviceProfileEditor (492)
[2019.05.19-23.24.33:245][191]LogModuleManager: Shutting down and abandoning module UndoHistory (490)
[2019.05.19-23.24.33:289][191]LogModuleManager: Shutting down and abandoning module XmlParser (488)
[2019.05.19-23.24.33:289][191]LogModuleManager: Shutting down and abandoning module Blutility (486)
[2019.05.19-23.24.33:310][191]LogModuleManager: Shutting down and abandoning module ProjectSettingsViewer (484)
[2019.05.19-23.24.33:310][191]LogModuleManager: Shutting down and abandoning module ProjectTargetPlatformEditor (483)
[2019.05.19-23.24.33:310][191]LogModuleManager: Shutting down and abandoning module EditorSettingsViewer (480)
[2019.05.19-23.24.33:310][191]LogModuleManager: Shutting down and abandoning module SettingsEditor (478)
[2019.05.19-23.24.33:310][191]LogModuleManager: Shutting down and abandoning module ProjectLauncher (476)
[2019.05.19-23.24.33:361][191]LogModuleManager: Shutting down and abandoning module SessionFrontend (474)
[2019.05.19-23.24.33:376][191]LogModuleManager: Shutting down and abandoning module ProfilerClient (472)
[2019.05.19-23.24.33:392][191]LogModuleManager: Shutting down and abandoning module DeviceManager (470)
[2019.05.19-23.24.33:409][191]LogModuleManager: Shutting down and abandoning module TargetDeviceServices (469)
[2019.05.19-23.24.33:472][191]LogModuleManager: Shutting down and abandoning module AutomationController (466)
[2019.05.19-23.24.33:518][191]LogModuleManager: Shutting down and abandoning module AutomationWindow (464)
[2019.05.19-23.24.33:572][191]LogModuleManager: Shutting down and abandoning module Layers (462)
[2019.05.19-23.24.33:736][191]LogModuleManager: Shutting down and abandoning module ComponentVisualizers (460)
[2019.05.19-23.24.33:736][191]LogModuleManager: Shutting down and abandoning module DetailCustomizations (458)
[2019.05.19-23.24.33:830][191]LogModuleManager: Shutting down and abandoning module PackagesDialog (456)
[2019.05.19-23.24.33:831][191]LogModuleManager: Shutting down and abandoning module Persona (454)
[2019.05.19-23.24.33:891][191]LogModuleManager: Shutting down and abandoning module AdvancedPreviewScene (453)
[2019.05.19-23.24.33:891][191]LogModuleManager: Shutting down and abandoning module AnimGraph (451)
[2019.05.19-23.24.33:891][191]LogModuleManager: Shutting down and abandoning module Kismet (448)
[2019.05.19-23.24.33:962][191]LogModuleManager: Shutting down and abandoning module GraphEditor (446)
[2019.05.19-23.24.33:962][191]LogModuleManager: Shutting down and abandoning module ClassViewer (444)
[2019.05.19-23.24.33:962][191]LogModuleManager: Shutting down and abandoning module Toolbox (442)
[2019.05.19-23.24.33:962][191]LogModuleManager: Shutting down and abandoning module ModuleUI (440)
[2019.05.19-23.24.33:980][191]LogModuleManager: Shutting down and abandoning module MovieSceneTools (438)
[2019.05.19-23.24.33:980][191]LogModuleManager: Shutting down and abandoning module OutputLog (436)
[2019.05.19-23.24.33:981][191]LogModuleManager: Shutting down and abandoning module GammaUI (434)
[2019.05.19-23.24.34:005][191]LogModuleManager: Shutting down and abandoning module Documentation (432)
[2019.05.19-23.24.34:005][191]LogModuleManager: Shutting down and abandoning module MovieSceneTracks (430)
[2019.05.19-23.24.34:005][191]LogModuleManager: Shutting down and abandoning module MovieScene (428)
[2019.05.19-23.24.34:005][191]LogModuleManager: Shutting down and abandoning module StreamingPauseRendering (426)
[2019.05.19-23.24.34:029][191]LogModuleManager: Shutting down and abandoning module LauncherPlatform (424)
[2019.05.19-23.24.34:029][191]LogModuleManager: Shutting down and abandoning module AnalyticsET (422)
[2019.05.19-23.24.34:029][191]LogModuleManager: Shutting down and abandoning module PortalServices (420)
[2019.05.19-23.24.34:029][191]LogModuleManager: Shutting down and abandoning module PortalRpc (418)
[2019.05.19-23.24.34:029][191]LogModuleManager: Shutting down and abandoning module MessagingRpc (416)
[2019.05.19-23.24.34:029][191]LogModuleManager: Shutting down and abandoning module AIModule (414)
[2019.05.19-23.24.34:078][191]LogModuleManager: Shutting down and abandoning module GameplayDebugger (413)
[2019.05.19-23.24.34:078][191]LogModuleManager: Shutting down and abandoning module AITestSuite (411)
[2019.05.19-23.24.34:097][191]LogModuleManager: Shutting down and abandoning module NavigationSystem (409)
[2019.05.19-23.24.34:097][191]LogModuleManager: Shutting down and abandoning module DesktopPlatform (406)
[2019.05.19-23.24.34:102][191]LogModuleManager: Shutting down and abandoning module ImageWriteQueue (404)
[2019.05.19-23.24.34:105][191]LogModuleManager: Shutting down and abandoning module ProfilerService (402)
[2019.05.19-23.24.34:273][191]LogModuleManager: Shutting down and abandoning module TaskGraph (400)
[2019.05.19-23.24.34:401][191]LogModuleManager: Shutting down and abandoning module SteamVRController (398)
[2019.05.19-23.24.34:401][191]LogModuleManager: Shutting down and abandoning module ProceduralMeshComponentEditor (396)
[2019.05.19-23.24.34:401][191]LogModuleManager: Shutting down and abandoning module ProceduralMeshComponent (394)
[2019.05.19-23.24.34:425][191]LogModuleManager: Shutting down and abandoning module OculusInput (392)
[2019.05.19-23.24.34:425][191]LogModuleManager: Shutting down and abandoning module MobilePatchingUtils (390)
[2019.05.19-23.24.34:425][191]LogModuleManager: Shutting down and abandoning module EditableMesh (388)
[2019.05.19-23.24.34:444][191]LogModuleManager: Shutting down and abandoning module CustomMeshComponent (386)
[2019.05.19-23.24.34:444][191]LogModuleManager: Shutting down and abandoning module CableComponent (384)
[2019.05.19-23.24.34:492][191]LogModuleManager: Shutting down and abandoning module AudioCapture (382)
[2019.05.19-23.24.34:492][191]LogModuleManager: Shutting down and abandoning module ArchVisCharacter (380)
[2019.05.19-23.24.34:492][191]LogModuleManager: Shutting down and abandoning module AndroidPermission (378)
[2019.05.19-23.24.34:492][191]LogModuleManager: Shutting down and abandoning module NUTUnrealEngine4 (376)
[2019.05.19-23.24.34:514][191]LogModuleManager: Shutting down and abandoning module NetcodeUnitTest (374)
[2019.05.19-23.24.35:531][191]LogModuleManager: Shutting down and abandoning module MediaCompositing (372)
[2019.05.19-23.24.35:531][191]LogModuleManager: Shutting down and abandoning module LinearTimecode (370)
[2019.05.19-23.24.35:531][191]LogModuleManager: Shutting down and abandoning module ImgMedia (368)
[2019.05.19-23.24.35:537][191]LogModuleManager: Shutting down and abandoning module HTML5Networking (366)
[2019.05.19-23.24.35:537][191]LogModuleManager: Shutting down and abandoning module GeometryCacheTracks (364)
[2019.05.19-23.24.35:537][191]LogModuleManager: Shutting down and abandoning module GeometryCacheSequencer (362)
[2019.05.19-23.24.35:537][191]LogModuleManager: Shutting down and abandoning module BackChannel (360)
[2019.05.19-23.24.35:563][191]LogModuleManager: Shutting down and abandoning module AppleVision (358)
[2019.05.19-23.24.35:563][191]LogModuleManager: Shutting down and abandoning module AppleImageUtilsBlueprintSupport (356)
[2019.05.19-23.24.35:563][191]LogModuleManager: Shutting down and abandoning module AppleImageUtils (354)
[2019.05.19-23.24.35:563][191]LogModuleManager: Shutting down and abandoning module AlembicImporter (352)
[2019.05.19-23.24.35:563][191]LogModuleManager: Shutting down and abandoning module AlembicLibrary (351)
[2019.05.19-23.24.35:564][191]LogModuleManager: Shutting down and abandoning module GeometryCache (350)
[2019.05.19-23.24.35:564][191]LogModuleManager: Shutting down and abandoning module GeometryCacheEd (349)
[2019.05.19-23.24.35:564][191]LogModuleManager: Shutting down and abandoning module VariantManagerContent (344)
[2019.05.19-23.24.35:564][191]LogModuleManager: Shutting down and abandoning module DatasmithContentEditor (342)
[2019.05.19-23.24.35:588][191]LogModuleManager: Shutting down and abandoning module SpeedTreeImporter (340)
[2019.05.19-23.24.35:588][191]LogModuleManager: Shutting down and abandoning module PluginBrowser (338)
[2019.05.19-23.24.35:702][191]LogModuleManager: Shutting down and abandoning module MobileLauncherProfileWizard (336)
[2019.05.19-23.24.35:779][191]LogModuleManager: Shutting down and abandoning module PolygonModeling (334)
[2019.05.19-23.24.35:780][191]LogModuleManager: Shutting down and abandoning module MeshEditor (332)
[2019.05.19-23.24.35:802][191]LogModuleManager: Shutting down and abandoning module CryptoKeysOpenSSL (330)
[2019.05.19-23.24.35:860][191]LogModuleManager: Shutting down and abandoning module CryptoKeys (328)
[2019.05.19-23.24.35:860][191]LogModuleManager: Shutting down and abandoning module VisualStudioSourceCodeAccess (326)
[2019.05.19-23.24.35:860][191]LogModuleManager: Shutting down and abandoning module VisualStudioCodeSourceCodeAccess (324)
[2019.05.19-23.24.35:860][191]LogModuleManager: Shutting down and abandoning module UObjectPlugin (322)
[2019.05.19-23.24.35:860][191]LogModuleManager: Shutting down and abandoning module SubversionSourceControl (320)
[2019.05.19-23.24.35:927][191]LogModuleManager: Shutting down and abandoning module PerforceSourceControl (318)
[2019.05.19-23.24.36:032][191]LogModuleManager: Shutting down and abandoning module GitSourceControl (316)
[2019.05.19-23.24.36:090][191]LogModuleManager: Shutting down and abandoning module SourceControl (315)
[2019.05.19-23.24.36:090][191]LogModuleManager: Shutting down and abandoning module CLionSourceCodeAccess (312)
[2019.05.19-23.24.36:110][191]LogModuleManager: Shutting down and abandoning module ActorLayerUtilitiesEditor (310)
[2019.05.19-23.24.36:110][191]LogModuleManager: Shutting down and abandoning module ActorLayerUtilities (308)
[2019.05.19-23.24.36:110][191]LogModuleManager: Shutting down and abandoning module LightPropagationVolumeEditor (306)
[2019.05.19-23.24.36:110][191]LogModuleManager: Shutting down and abandoning module PaperTiledImporter (304)
[2019.05.19-23.24.36:110][191]LogModuleManager: Shutting down and abandoning module PaperSpriteSheetImporter (302)
[2019.05.19-23.24.36:110][191]LogModuleManager: Shutting down and abandoning module Paper2DEditor (300)
[2019.05.19-23.24.36:185][191]LogModuleManager: Shutting down and abandoning module MeshPaint (299)
[2019.05.19-23.24.36:231][191]LogModuleManager: Shutting down and abandoning module RuntimePhysXCooking (296)
[2019.05.19-23.24.36:231][191]LogModuleManager: Shutting down and abandoning module PhysXVehiclesEditor (294)
[2019.05.19-23.24.36:231][191]LogModuleManager: Shutting down and abandoning module PhysXVehicles (292)
[2019.05.19-23.24.36:231][191]LogModuleManager: Shutting down and abandoning module OculusEditor (290)
[2019.05.19-23.24.36:251][191]LogModuleManager: Shutting down and abandoning module LocationServicesBPLibrary (288)
[2019.05.19-23.24.36:251][191]LogModuleManager: Shutting down and abandoning module ActorSequence (286)
[2019.05.19-23.24.36:251][191]LogModuleManager: Shutting down and abandoning module UdpMessaging (284)
[2019.05.19-23.24.36:351][191]LogModuleManager: Shutting down and abandoning module TcpMessaging (282)
[2019.05.19-23.24.36:477][191]LogModuleManager: Shutting down and abandoning module MagicLeapAudio (280)
[2019.05.19-23.24.36:477][191]LogModuleManager: Shutting down and abandoning module GameplayTagsEditor (278)
[2019.05.19-23.24.36:477][191]LogModuleManager: Shutting down and abandoning module FacialAnimationEditor (276)
[2019.05.19-23.24.36:477][191]LogModuleManager: Shutting down and abandoning module FacialAnimation (274)
[2019.05.19-23.24.36:477][191]LogModuleManager: Shutting down and abandoning module DataValidation (272)
[2019.05.19-23.24.36:477][191]LogModuleManager: Shutting down and abandoning module AssetManagerEditor (270)
[2019.05.19-23.24.36:656][191]LogModuleManager: Shutting down and abandoning module LevelEditor (269)
[2019.05.19-23.24.36:679][191]LogModuleManager: Shutting down and abandoning module PixelInspectorModule (268)
[2019.05.19-23.24.36:722][191]LogModuleManager: Shutting down and abandoning module CommonMenuExtensions (266)
[2019.05.19-23.24.36:722][191]LogModuleManager: Shutting down and abandoning module MainFrame (264)
[2019.05.19-23.24.36:722][191]LogModuleManager: Shutting down and abandoning module HotReload (263)
[2019.05.19-23.24.36:747][191]LogModuleManager: Shutting down and abandoning module ContentBrowser (259)
[2019.05.19-23.24.36:748][191]LogModuleManager: Shutting down and abandoning module TreeMap (257)
[2019.05.19-23.24.36:796][191]LogModuleManager: Shutting down and abandoning module LightPropagationVolumeRuntime (254)
[2019.05.19-23.24.36:796][191]LogModuleManager: Shutting down and abandoning module AISupportModule (252)
[2019.05.19-23.24.36:796][191]LogModuleManager: Shutting down and abandoning module Paper2D (250)
[2019.05.19-23.24.36:816][191]LogModuleManager: Shutting down and abandoning module WindowsMoviePlayer (248)
[2019.05.19-23.24.36:838][191]LogModuleManager: Shutting down and abandoning module WebMMoviePlayer (246)
[2019.05.19-23.24.36:838][191]LogModuleManager: Shutting down and abandoning module WmfMedia (244)
[2019.05.19-23.24.36:853][191]LogModuleManager: Shutting down and abandoning module Media (243)
[2019.05.19-23.24.36:859][191]LogModuleManager: Shutting down and abandoning module PacketHandler (240)
[2019.05.19-23.24.36:860][191]LogModuleManager: Shutting down and abandoning module ClothingSystemEditor (238)
[2019.05.19-23.24.36:860][191]LogModuleManager: Shutting down and abandoning module ClothingSystemRuntime (236)
[2019.05.19-23.24.36:935][191]LogModuleManager: Shutting down and abandoning module MediaAssets (234)
[2019.05.19-23.24.36:935][191]LogModuleManager: Shutting down and abandoning module Overlay (232)
[2019.05.19-23.24.36:935][191]LogModuleManager: Shutting down and abandoning module OverlayEditor (231)
[2019.05.19-23.24.36:935][191]LogModuleManager: Shutting down and abandoning module EnvironmentQueryEditor (228)
[2019.05.19-23.24.37:013][191]LogModuleManager: Shutting down and abandoning module VREditor (226)
[2019.05.19-23.24.37:025][191]LogModuleManager: Shutting down and abandoning module StringTableEditor (224)
[2019.05.19-23.24.37:047][191]LogModuleManager: Shutting down and abandoning module GameplayTasksEditor (222)
[2019.05.19-23.24.37:047][191]LogModuleManager: Shutting down and abandoning module BehaviorTreeEditor (220)
[2019.05.19-23.24.37:134][191]LogModuleManager: Shutting down and abandoning module FunctionalTesting (218)
[2019.05.19-23.24.37:154][191]LogModuleManager: Shutting down and abandoning module CollisionAnalyzer (216)
[2019.05.19-23.24.37:252][191]LogModuleManager: Shutting down and abandoning module WorkspaceMenuStructure (215)
[2019.05.19-23.24.37:252][191]LogModuleManager: Shutting down and abandoning module UMG (212)
[2019.05.19-23.24.37:252][191]LogModuleManager: Shutting down and abandoning module UMGEditor (211)
[2019.05.19-23.24.37:252][191]LogModuleManager: Shutting down and abandoning module Sequencer (210)
[2019.05.19-23.24.37:269][191]LogModuleManager: Shutting down and abandoning module MessageLog (207)
[2019.05.19-23.24.37:269][191]LogModuleManager: Shutting down and abandoning module SlateReflector (202)
[2019.05.19-23.24.37:404][191]LogModuleManager: Shutting down and abandoning module Slate (200)
[2019.05.19-23.24.37:405][191]LogModuleManager: Shutting down and abandoning module EditorStyle (198)
[2019.05.19-23.24.37:406][191]LogModuleManager: Shutting down and abandoning module MRMesh (196)
[2019.05.19-23.24.37:451][191]LogModuleManager: Shutting down and abandoning module SourceCodeAccess (194)
[2019.05.19-23.24.37:451][191]LogModuleManager: Shutting down and abandoning module HeadMountedDisplay (192)
[2019.05.19-23.24.37:451][191]LogModuleManager: Shutting down and abandoning module XAudio2 (190)
[2019.05.19-23.24.37:451][191]LogModuleManager: Shutting down and abandoning module Networking (188)
[2019.05.19-23.24.37:451][191]LogModuleManager: Shutting down and abandoning module Core (186)
[2019.05.19-23.24.37:451][191]LogModuleManager: Shutting down and abandoning module LevelSequence (184)
[2019.05.19-23.24.37:451][191]LogModuleManager: Shutting down and abandoning module KismetCompiler (182)
[2019.05.19-23.24.37:451][191]LogModuleManager: Shutting down and abandoning module MeshUtilities (180)
[2019.05.19-23.24.37:704][191]LogModuleManager: Shutting down and abandoning module MeshMergeUtilities (179)
[2019.05.19-23.24.37:763][191]LogModuleManager: Shutting down and abandoning module MeshReductionInterface (178)
[2019.05.19-23.24.37:763][191]LogModuleManager: Shutting down and abandoning module SimplygonSwarm (177)
[2019.05.19-23.24.37:815][191]LogModuleManager: Shutting down and abandoning module ProxyLODMeshReduction (175)
[2019.05.19-23.24.37:959][191]LogModuleManager: Shutting down and abandoning module SimplygonMeshReduction (173)
[2019.05.19-23.24.37:959][191]LogModuleManager: Shutting down and abandoning module QuadricMeshReduction (171)
[2019.05.19-23.24.37:986][191]LogModuleManager: Shutting down and abandoning module MaterialBaking (167)
[2019.05.19-23.24.38:039][191]LogModuleManager: Shutting down and abandoning module DirectoryWatcher (163)
[2019.05.19-23.24.38:039][191]LogModuleManager: Shutting down and abandoning module DerivedDataCache (160)
[2019.05.19-23.24.38:203][191]LogDerivedDataCache: Shutdown
[2019.05.19-23.24.38:203][191]LogModuleManager: Shutting down and abandoning module XGEController (158)
[2019.05.19-23.24.38:229][191]LogModuleManager: Shutting down and abandoning module TargetPlatform (156)
[2019.05.19-23.24.38:229][191]LogModuleManager: Shutting down and abandoning module VulkanShaderFormat (155)
[2019.05.19-23.24.38:366][191]LogModuleManager: Shutting down and abandoning module ShaderFormatVectorVM (153)
[2019.05.19-23.24.38:393][191]LogModuleManager: Shutting down and abandoning module ShaderFormatOpenGL (151)
[2019.05.19-23.24.38:447][191]LogModuleManager: Shutting down and abandoning module ShaderFormatD3D (149)
[2019.05.19-23.24.38:447][191]LogModuleManager: Shutting down and abandoning module MetalShaderFormat (147)
[2019.05.19-23.24.38:516][191]LogModuleManager: Shutting down and abandoning module TextureFormatUncompressed (145)
[2019.05.19-23.24.38:516][191]LogModuleManager: Shutting down and abandoning module TextureFormatPVR (143)
[2019.05.19-23.24.38:516][191]LogModuleManager: Shutting down and abandoning module TextureFormatDXT (141)
[2019.05.19-23.24.38:542][191]LogModuleManager: Shutting down and abandoning module TextureFormatIntelISPCTexComp (139)
[2019.05.19-23.24.38:556][191]LogModuleManager: Shutting down and abandoning module TextureFormatASTC (137)
[2019.05.19-23.24.38:556][191]LogModuleManager: Shutting down and abandoning module ImageWrapper (136)
[2019.05.19-23.24.38:556][191]LogModuleManager: Shutting down and abandoning module TextureFormatAndroid (133)
[2019.05.19-23.24.38:556][191]LogModuleManager: Shutting down and abandoning module AudioFormatOpus (131)
[2019.05.19-23.24.38:556][191]LogModuleManager: Shutting down and abandoning module AudioFormatOgg (129)
[2019.05.19-23.24.38:556][191]LogModuleManager: Shutting down and abandoning module AudioFormatADPCM (127)
[2019.05.19-23.24.38:556][191]LogModuleManager: Shutting down and abandoning module LuminTargetPlatform (125)
[2019.05.19-23.24.38:560][191]LogModuleManager: Shutting down and abandoning module LinuxTargetPlatform (123)
[2019.05.19-23.24.38:560][191]LogModuleManager: Shutting down and abandoning module LinuxServerTargetPlatform (121)
[2019.05.19-23.24.38:560][191]LogModuleManager: Shutting down and abandoning module LinuxNoEditorTargetPlatform (119)
[2019.05.19-23.24.38:560][191]LogModuleManager: Shutting down and abandoning module LinuxClientTargetPlatform (117)
[2019.05.19-23.24.38:560][191]LogModuleManager: Shutting down and abandoning module TVOSTargetPlatform (115)
[2019.05.19-23.24.38:575][191]LogModuleManager: Shutting down and abandoning module Messaging (113)
[2019.05.19-23.24.38:575][191]LogModuleManager: Shutting down and abandoning module IOSTargetPlatform (111)
[2019.05.19-23.24.38:576][191]LogModuleManager: Shutting down and abandoning module HTML5TargetPlatform (109)
[2019.05.19-23.24.38:576][191]LogModuleManager: Shutting down and abandoning module AndroidTargetPlatform (107)
[2019.05.19-23.24.38:582][191]LogModuleManager: Shutting down and abandoning module WindowsTargetPlatform (105)
[2019.05.19-23.24.38:582][191]LogModuleManager: Shutting down and abandoning module WindowsServerTargetPlatform (103)
[2019.05.19-23.24.38:582][191]LogModuleManager: Shutting down and abandoning module WindowsNoEditorTargetPlatform (101)
[2019.05.19-23.24.38:582][191]LogModuleManager: Shutting down and abandoning module WindowsClientTargetPlatform (99)
[2019.05.19-23.24.38:582][191]LogModuleManager: Shutting down and abandoning module MacTargetPlatform (97)
[2019.05.19-23.24.38:582][191]LogModuleManager: Shutting down and abandoning module MacServerTargetPlatform (95)
[2019.05.19-23.24.38:582][191]LogModuleManager: Shutting down and abandoning module MacNoEditorTargetPlatform (93)
[2019.05.19-23.24.38:582][191]LogModuleManager: Shutting down and abandoning module MacClientTargetPlatform (91)
[2019.05.19-23.24.38:582][191]LogModuleManager: Shutting down and abandoning module AllDesktopTargetPlatform (89)
[2019.05.19-23.24.38:582][191]LogModuleManager: Shutting down and abandoning module InputCore (86)
[2019.05.19-23.24.38:582][191]LogModuleManager: Shutting down and abandoning module Settings (84)
[2019.05.19-23.24.38:582][191]LogModuleManager: Shutting down and abandoning module PhysXCooking (82)
[2019.05.19-23.24.38:582][191]LogModuleManager: Shutting down and abandoning module SteamVR (80)
[2019.05.19-23.24.38:618][191]LogHMD: Freeing OpenVRDLLHandle.
[2019.05.19-23.24.38:618][191]LogModuleManager: Shutting down and abandoning module OculusHMD (78)
[2019.05.19-23.24.38:666][191]LogModuleManager: Shutting down and abandoning module ExampleDeviceProfileSelector (76)
[2019.05.19-23.24.38:666][191]LogModuleManager: Shutting down and abandoning module LauncherChunkInstaller (74)
[2019.05.19-23.24.38:666][191]LogModuleManager: Shutting down and abandoning module OnlineBlueprintSupport (72)
[2019.05.19-23.24.38:666][191]LogModuleManager: Shutting down and abandoning module OnlineSubsystem (68)
[2019.05.19-23.24.38:744][191]LogModuleManager: Shutting down and abandoning module XMPP (63)
[2019.05.19-23.24.38:849][191]LogModuleManager: Shutting down and abandoning module WebSockets (62)
[2019.05.19-23.24.38:951][191]LogModuleManager: Shutting down and abandoning module HTTP (59)
[2019.05.19-23.24.38:951][191]LogHttp: Display: Http module shutting down, but needs to wait on 1 outstanding Http requests:
[2019.05.19-23.24.38:951][191]LogHttp: Display: 	verb=[POST] url=[https://datarouter.ol.epicgames.com/datarouter/api/v1/public/data?SessionID=%7BDDFE2563-4494-AD43-75EC-A0A42BBD7520%7D&AppID=UEEditor.Rocket.Release&AppVersion=4.21.2-4753647%2B%2B%2BUE4%2BRelease-4.21&UserID=a2af95544f0938fc35241bbea866488e%7C4a680e3ea4b04fcfb5b075835c5b546b%7Cd27101be-b892-4db8-97d0-a064c037c236&AppEnvironment=datacollector-binary&UploadType=eteventstream] status=Processing
[2019.05.19-23.24.38:970][191]LogModuleManager: Shutting down and abandoning module SSL (58)
[2019.05.19-23.24.38:972][191]LogModuleManager: Shutting down and abandoning module MagicLeapIdentity (54)
[2019.05.19-23.24.38:972][191]LogModuleManager: Shutting down and abandoning module MagicLeapHelperVulkan (52)
[2019.05.19-23.24.38:972][191]LogModuleManager: Shutting down and abandoning module MagicLeapHelperOpenGL (50)
[2019.05.19-23.24.38:972][191]LogModuleManager: Shutting down and abandoning module MagicLeapSecureStorage (48)
[2019.05.19-23.24.38:972][191]LogModuleManager: Shutting down and abandoning module MagicLeapHandTracking (46)
[2019.05.19-23.24.38:972][191]LogModuleManager: Shutting down and abandoning module MagicLeapEyeTracker (44)
[2019.05.19-23.24.38:972][191]LogModuleManager: Shutting down and abandoning module MagicLeapController (42)
[2019.05.19-23.24.38:972][191]LogSlate: Slate User Destroyed.  User Index 0, Is Virtual User: 0
[2019.05.19-23.24.38:972][191]LogModuleManager: Shutting down and abandoning module MagicLeap (40)
[2019.05.19-23.24.39:108][191]LogModuleManager: Shutting down and abandoning module DatasmithContent (38)
[2019.05.19-23.24.39:109][191]LogModuleManager: Shutting down and abandoning module AnimationModifiers (36)
[2019.05.19-23.24.39:175][191]LogModuleManager: Shutting down and abandoning module PropertyEditor (35)
[2019.05.19-23.24.39:175][191]LogModuleManager: Shutting down and abandoning module AudioEditor (32)
[2019.05.19-23.24.39:300][191]LogModuleManager: Shutting down and abandoning module TextureCompressor (30)
[2019.05.19-23.24.39:318][191]LogModuleManager: Shutting down and abandoning module ShaderCore (28)
[2019.05.19-23.24.39:318][191]LogModuleManager: Shutting down and abandoning module Landscape (26)
[2019.05.19-23.24.39:318][191]LogModuleManager: Shutting down and abandoning module SlateRHIRenderer (24)
[2019.05.19-23.24.39:373][191]LogModuleManager: Shutting down and abandoning module OpenGLDrv (22)
[2019.05.19-23.24.39:429][191]LogModuleManager: Shutting down and abandoning module D3D11RHI (20)
[2019.05.19-23.24.39:429][191]LogModuleManager: Shutting down and abandoning module AnimGraphRuntime (18)
[2019.05.19-23.24.39:480][191]LogModuleManager: Shutting down and abandoning module Renderer (16)
[2019.05.19-23.24.39:480][191]LogModuleManager: Shutting down and abandoning module Engine (14)
[2019.05.19-23.24.39:480][191]LogModuleManager: Shutting down and abandoning module CoreUObject (12)
[2019.05.19-23.24.39:480][191]LogModuleManager: Shutting down and abandoning module NetworkFile (10)
[2019.05.19-23.24.39:500][191]LogModuleManager: Shutting down and abandoning module CookedIterativeFile (8)
[2019.05.19-23.24.39:500][191]LogModuleManager: Shutting down and abandoning module StreamingFile (6)
[2019.05.19-23.24.39:542][191]LogModuleManager: Shutting down and abandoning module SandboxFile (4)
[2019.05.19-23.24.39:542][191]LogModuleManager: Shutting down and abandoning module PakFile (2)
[2019.05.19-23.24.39:617][191]LogExit: Exiting.
[2019.05.19-23.24.39:640][191]Log file closed, 05/19/19 18:24:39
